[0.347s] Invoking command in '/home/ye24/turtlebot3_ws/build/my_turtlebot3_control': CMAKE_PREFIX_PATH=/home/ye24/turtlebot3_ws/install/turtlebot3:/home/ye24/turtlebot3_ws/install/turtlebot3_bringup:/home/ye24/turtlebot3_ws/install/turtlebot3_node:/home/ye24/turtlebot3_ws/install/turtlebot3_navigation2:/home/ye24/turtlebot3_ws/install/turtlebot3_msgs:/home/ye24/turtlebot3_ws/install/turtlebot3_description:/home/ye24/turtlebot3_ws/install/turtlebot3_cartographer:/home/ye24/turtlebot3_ws/install/my_turtlebot3_control:/home/ye24/turtlebot3_ws/install/dynamixel_sdk_examples:/home/ye24/turtlebot3_ws/install/dynamixel_sdk_custom_interfaces:/home/ye24/turtlebot3_ws/install/dynamixel_sdk:/home/ye24/turtlebot3_ws/install/turtlebot3_teleop:/home/ye24/turtlebot3_ws/install/turtlebot3_example:/opt/ros/humble:/home/ye24/catkin_ws/src/turtlebot3/testautomation/devel:/home/ye24/catkin_ws/devel /usr/bin/cmake --build /home/ye24/turtlebot3_ws/build/my_turtlebot3_control -- -j12 -l12
[0.376s] Invoked command in '/home/ye24/turtlebot3_ws/build/my_turtlebot3_control' returned '0': CMAKE_PREFIX_PATH=/home/ye24/turtlebot3_ws/install/turtlebot3:/home/ye24/turtlebot3_ws/install/turtlebot3_bringup:/home/ye24/turtlebot3_ws/install/turtlebot3_node:/home/ye24/turtlebot3_ws/install/turtlebot3_navigation2:/home/ye24/turtlebot3_ws/install/turtlebot3_msgs:/home/ye24/turtlebot3_ws/install/turtlebot3_description:/home/ye24/turtlebot3_ws/install/turtlebot3_cartographer:/home/ye24/turtlebot3_ws/install/my_turtlebot3_control:/home/ye24/turtlebot3_ws/install/dynamixel_sdk_examples:/home/ye24/turtlebot3_ws/install/dynamixel_sdk_custom_interfaces:/home/ye24/turtlebot3_ws/install/dynamixel_sdk:/home/ye24/turtlebot3_ws/install/turtlebot3_teleop:/home/ye24/turtlebot3_ws/install/turtlebot3_example:/opt/ros/humble:/home/ye24/catkin_ws/src/turtlebot3/testautomation/devel:/home/ye24/catkin_ws/devel /usr/bin/cmake --build /home/ye24/turtlebot3_ws/build/my_turtlebot3_control -- -j12 -l12
[0.472s] Invoking command in '/home/ye24/turtlebot3_ws/build/my_turtlebot3_control': CMAKE_PREFIX_PATH=/home/ye24/turtlebot3_ws/install/turtlebot3:/home/ye24/turtlebot3_ws/install/turtlebot3_bringup:/home/ye24/turtlebot3_ws/install/turtlebot3_node:/home/ye24/turtlebot3_ws/install/turtlebot3_navigation2:/home/ye24/turtlebot3_ws/install/turtlebot3_msgs:/home/ye24/turtlebot3_ws/install/turtlebot3_description:/home/ye24/turtlebot3_ws/install/turtlebot3_cartographer:/home/ye24/turtlebot3_ws/install/my_turtlebot3_control:/home/ye24/turtlebot3_ws/install/dynamixel_sdk_examples:/home/ye24/turtlebot3_ws/install/dynamixel_sdk_custom_interfaces:/home/ye24/turtlebot3_ws/install/dynamixel_sdk:/home/ye24/turtlebot3_ws/install/turtlebot3_teleop:/home/ye24/turtlebot3_ws/install/turtlebot3_example:/opt/ros/humble:/home/ye24/catkin_ws/src/turtlebot3/testautomation/devel:/home/ye24/catkin_ws/devel /usr/bin/cmake --install /home/ye24/turtlebot3_ws/build/my_turtlebot3_control
[0.577s] -- Install configuration: ""
[0.577s] -- Execute custom install script
[0.577s] -- Up-to-date symlink: /home/ye24/turtlebot3_ws/install/my_turtlebot3_control/share/ament_index/resource_index/package_run_dependencies/my_turtlebot3_control
[0.577s] -- Up-to-date symlink: /home/ye24/turtlebot3_ws/install/my_turtlebot3_control/share/ament_index/resource_index/parent_prefix_path/my_turtlebot3_control
[0.577s] -- Up-to-date symlink: /home/ye24/turtlebot3_ws/install/my_turtlebot3_control/share/my_turtlebot3_control/environment/ament_prefix_path.sh
[0.578s] -- Up-to-date symlink: /home/ye24/turtlebot3_ws/install/my_turtlebot3_control/share/my_turtlebot3_control/environment/ament_prefix_path.dsv
[0.578s] -- Up-to-date symlink: /home/ye24/turtlebot3_ws/install/my_turtlebot3_control/share/my_turtlebot3_control/environment/path.sh
[0.578s] -- Up-to-date symlink: /home/ye24/turtlebot3_ws/install/my_turtlebot3_control/share/my_turtlebot3_control/environment/path.dsv
[0.578s] -- Up-to-date symlink: /home/ye24/turtlebot3_ws/install/my_turtlebot3_control/share/my_turtlebot3_control/local_setup.bash
[0.579s] -- Up-to-date symlink: /home/ye24/turtlebot3_ws/install/my_turtlebot3_control/share/my_turtlebot3_control/local_setup.sh
[0.579s] -- Up-to-date symlink: /home/ye24/turtlebot3_ws/install/my_turtlebot3_control/share/my_turtlebot3_control/local_setup.zsh
[0.579s] -- Up-to-date symlink: /home/ye24/turtlebot3_ws/install/my_turtlebot3_control/share/my_turtlebot3_control/local_setup.dsv
[0.579s] -- Symlinking: /home/ye24/turtlebot3_ws/install/my_turtlebot3_control/share/my_turtlebot3_control/package.dsv
[0.579s] -- Up-to-date symlink: /home/ye24/turtlebot3_ws/install/my_turtlebot3_control/share/ament_index/resource_index/packages/my_turtlebot3_control
[0.579s] -- Up-to-date symlink: /home/ye24/turtlebot3_ws/install/my_turtlebot3_control/share/my_turtlebot3_control/cmake/my_turtlebot3_controlConfig.cmake
[0.580s] -- Up-to-date symlink: /home/ye24/turtlebot3_ws/install/my_turtlebot3_control/share/my_turtlebot3_control/cmake/my_turtlebot3_controlConfig-version.cmake
[0.580s] -- Up-to-date symlink: /home/ye24/turtlebot3_ws/install/my_turtlebot3_control/share/my_turtlebot3_control/package.xml
[0.621s] Invoked command in '/home/ye24/turtlebot3_ws/build/my_turtlebot3_control' returned '0': CMAKE_PREFIX_PATH=/home/ye24/turtlebot3_ws/install/turtlebot3:/home/ye24/turtlebot3_ws/install/turtlebot3_bringup:/home/ye24/turtlebot3_ws/install/turtlebot3_node:/home/ye24/turtlebot3_ws/install/turtlebot3_navigation2:/home/ye24/turtlebot3_ws/install/turtlebot3_msgs:/home/ye24/turtlebot3_ws/install/turtlebot3_description:/home/ye24/turtlebot3_ws/install/turtlebot3_cartographer:/home/ye24/turtlebot3_ws/install/my_turtlebot3_control:/home/ye24/turtlebot3_ws/install/dynamixel_sdk_examples:/home/ye24/turtlebot3_ws/install/dynamixel_sdk_custom_interfaces:/home/ye24/turtlebot3_ws/install/dynamixel_sdk:/home/ye24/turtlebot3_ws/install/turtlebot3_teleop:/home/ye24/turtlebot3_ws/install/turtlebot3_example:/opt/ros/humble:/home/ye24/catkin_ws/src/turtlebot3/testautomation/devel:/home/ye24/catkin_ws/devel /usr/bin/cmake --install /home/ye24/turtlebot3_ws/build/my_turtlebot3_control
