[0.324s] Invoking command in '/home/ye24/turtlebot3_ws/build/turtlebot3_cartographer': CMAKE_PREFIX_PATH=/home/ye24/turtlebot3_ws/install/turtlebot3:/home/ye24/turtlebot3_ws/install/turtlebot3_bringup:/home/ye24/turtlebot3_ws/install/turtlebot3_node:/home/ye24/turtlebot3_ws/install/turtlebot3_navigation2:/home/ye24/turtlebot3_ws/install/turtlebot3_msgs:/home/ye24/turtlebot3_ws/install/turtlebot3_description:/home/ye24/turtlebot3_ws/install/turtlebot3_cartographer:/home/ye24/turtlebot3_ws/install/my_turtlebot3_control:/home/ye24/turtlebot3_ws/install/dynamixel_sdk_examples:/home/ye24/turtlebot3_ws/install/dynamixel_sdk_custom_interfaces:/home/ye24/turtlebot3_ws/install/dynamixel_sdk:/home/ye24/turtlebot3_ws/install/py_pubsub:/home/ye24/turtlebot3_ws/install/turtlebot3_teleop:/home/ye24/turtlebot3_ws/install/turtlebot3_example:/opt/ros/humble:/home/ye24/catkin_ws/src/turtlebot3/testautomation/devel:/home/ye24/catkin_ws/devel /usr/bin/cmake --build /home/ye24/turtlebot3_ws/build/turtlebot3_cartographer -- -j12 -l12
[0.850s] Invoked command in '/home/ye24/turtlebot3_ws/build/turtlebot3_cartographer' returned '0': CMAKE_PREFIX_PATH=/home/ye24/turtlebot3_ws/install/turtlebot3:/home/ye24/turtlebot3_ws/install/turtlebot3_bringup:/home/ye24/turtlebot3_ws/install/turtlebot3_node:/home/ye24/turtlebot3_ws/install/turtlebot3_navigation2:/home/ye24/turtlebot3_ws/install/turtlebot3_msgs:/home/ye24/turtlebot3_ws/install/turtlebot3_description:/home/ye24/turtlebot3_ws/install/turtlebot3_cartographer:/home/ye24/turtlebot3_ws/install/my_turtlebot3_control:/home/ye24/turtlebot3_ws/install/dynamixel_sdk_examples:/home/ye24/turtlebot3_ws/install/dynamixel_sdk_custom_interfaces:/home/ye24/turtlebot3_ws/install/dynamixel_sdk:/home/ye24/turtlebot3_ws/install/py_pubsub:/home/ye24/turtlebot3_ws/install/turtlebot3_teleop:/home/ye24/turtlebot3_ws/install/turtlebot3_example:/opt/ros/humble:/home/ye24/catkin_ws/src/turtlebot3/testautomation/devel:/home/ye24/catkin_ws/devel /usr/bin/cmake --build /home/ye24/turtlebot3_ws/build/turtlebot3_cartographer -- -j12 -l12
[0.873s] Invoking command in '/home/ye24/turtlebot3_ws/build/turtlebot3_cartographer': CMAKE_PREFIX_PATH=/home/ye24/turtlebot3_ws/install/turtlebot3:/home/ye24/turtlebot3_ws/install/turtlebot3_bringup:/home/ye24/turtlebot3_ws/install/turtlebot3_node:/home/ye24/turtlebot3_ws/install/turtlebot3_navigation2:/home/ye24/turtlebot3_ws/install/turtlebot3_msgs:/home/ye24/turtlebot3_ws/install/turtlebot3_description:/home/ye24/turtlebot3_ws/install/turtlebot3_cartographer:/home/ye24/turtlebot3_ws/install/my_turtlebot3_control:/home/ye24/turtlebot3_ws/install/dynamixel_sdk_examples:/home/ye24/turtlebot3_ws/install/dynamixel_sdk_custom_interfaces:/home/ye24/turtlebot3_ws/install/dynamixel_sdk:/home/ye24/turtlebot3_ws/install/py_pubsub:/home/ye24/turtlebot3_ws/install/turtlebot3_teleop:/home/ye24/turtlebot3_ws/install/turtlebot3_example:/opt/ros/humble:/home/ye24/catkin_ws/src/turtlebot3/testautomation/devel:/home/ye24/catkin_ws/devel /usr/bin/cmake --install /home/ye24/turtlebot3_ws/build/turtlebot3_cartographer
[0.878s] -- Install configuration: ""
[0.879s] -- Execute custom install script
[0.879s] -- Up-to-date symlink: /home/ye24/turtlebot3_ws/install/turtlebot3_cartographer/share/turtlebot3_cartographer/config/turtlebot3_lds_2d.lua
[0.879s] -- Up-to-date symlink: /home/ye24/turtlebot3_ws/install/turtlebot3_cartographer/share/turtlebot3_cartographer/launch/cartographer.launch.py
[0.879s] -- Up-to-date symlink: /home/ye24/turtlebot3_ws/install/turtlebot3_cartographer/share/turtlebot3_cartographer/launch/occupancy_grid.launch.py
[0.879s] -- Up-to-date symlink: /home/ye24/turtlebot3_ws/install/turtlebot3_cartographer/share/turtlebot3_cartographer/rviz/tb3_cartographer.rviz
[0.879s] -- Up-to-date symlink: /home/ye24/turtlebot3_ws/install/turtlebot3_cartographer/share/ament_index/resource_index/package_run_dependencies/turtlebot3_cartographer
[0.882s] -- Up-to-date symlink: /home/ye24/turtlebot3_ws/install/turtlebot3_cartographer/share/ament_index/resource_index/parent_prefix_path/turtlebot3_cartographer
[0.883s] -- Up-to-date symlink: /home/ye24/turtlebot3_ws/install/turtlebot3_cartographer/share/turtlebot3_cartographer/environment/ament_prefix_path.sh
[0.883s] -- Up-to-date symlink: /home/ye24/turtlebot3_ws/install/turtlebot3_cartographer/share/turtlebot3_cartographer/environment/ament_prefix_path.dsv
[0.884s] -- Up-to-date symlink: /home/ye24/turtlebot3_ws/install/turtlebot3_cartographer/share/turtlebot3_cartographer/environment/path.sh
[0.884s] -- Up-to-date symlink: /home/ye24/turtlebot3_ws/install/turtlebot3_cartographer/share/turtlebot3_cartographer/environment/path.dsv
[0.884s] -- Up-to-date symlink: /home/ye24/turtlebot3_ws/install/turtlebot3_cartographer/share/turtlebot3_cartographer/local_setup.bash
[0.885s] -- Up-to-date symlink: /home/ye24/turtlebot3_ws/install/turtlebot3_cartographer/share/turtlebot3_cartographer/local_setup.sh
[0.885s] -- Up-to-date symlink: /home/ye24/turtlebot3_ws/install/turtlebot3_cartographer/share/turtlebot3_cartographer/local_setup.zsh
[0.885s] -- Up-to-date symlink: /home/ye24/turtlebot3_ws/install/turtlebot3_cartographer/share/turtlebot3_cartographer/local_setup.dsv
[0.885s] -- Symlinking: /home/ye24/turtlebot3_ws/install/turtlebot3_cartographer/share/turtlebot3_cartographer/package.dsv
[0.893s] -- Up-to-date symlink: /home/ye24/turtlebot3_ws/install/turtlebot3_cartographer/share/ament_index/resource_index/packages/turtlebot3_cartographer
[0.893s] -- Up-to-date symlink: /home/ye24/turtlebot3_ws/install/turtlebot3_cartographer/share/turtlebot3_cartographer/cmake/turtlebot3_cartographerConfig.cmake
[0.893s] -- Up-to-date symlink: /home/ye24/turtlebot3_ws/install/turtlebot3_cartographer/share/turtlebot3_cartographer/cmake/turtlebot3_cartographerConfig-version.cmake
[0.893s] -- Up-to-date symlink: /home/ye24/turtlebot3_ws/install/turtlebot3_cartographer/share/turtlebot3_cartographer/package.xml
[1.018s] Invoked command in '/home/ye24/turtlebot3_ws/build/turtlebot3_cartographer' returned '0': CMAKE_PREFIX_PATH=/home/ye24/turtlebot3_ws/install/turtlebot3:/home/ye24/turtlebot3_ws/install/turtlebot3_bringup:/home/ye24/turtlebot3_ws/install/turtlebot3_node:/home/ye24/turtlebot3_ws/install/turtlebot3_navigation2:/home/ye24/turtlebot3_ws/install/turtlebot3_msgs:/home/ye24/turtlebot3_ws/install/turtlebot3_description:/home/ye24/turtlebot3_ws/install/turtlebot3_cartographer:/home/ye24/turtlebot3_ws/install/my_turtlebot3_control:/home/ye24/turtlebot3_ws/install/dynamixel_sdk_examples:/home/ye24/turtlebot3_ws/install/dynamixel_sdk_custom_interfaces:/home/ye24/turtlebot3_ws/install/dynamixel_sdk:/home/ye24/turtlebot3_ws/install/py_pubsub:/home/ye24/turtlebot3_ws/install/turtlebot3_teleop:/home/ye24/turtlebot3_ws/install/turtlebot3_example:/opt/ros/humble:/home/ye24/catkin_ws/src/turtlebot3/testautomation/devel:/home/ye24/catkin_ws/devel /usr/bin/cmake --install /home/ye24/turtlebot3_ws/build/turtlebot3_cartographer
