[0.086s] Invoking command in '/home/ye24/turtlebot3_ws/build/dynamixel_sdk_examples': CMAKE_PREFIX_PATH=/home/ye24/turtlebot3_ws/install/dynamixel_sdk_custom_interfaces:/home/ye24/turtlebot3_ws/install/dynamixel_sdk:/home/ye24/turtlebot3_ws/install/turtlebot3:/home/ye24/turtlebot3_ws/install/turtlebot3_simulations:/home/ye24/turtlebot3_ws/install/turtlebot3_bringup:/home/ye24/turtlebot3_ws/install/turtlebot3_node:/home/ye24/turtlebot3_ws/install/turtlebot3_navigation2:/home/ye24/turtlebot3_ws/install/turtlebot3_fake_node:/home/ye24/turtlebot3_ws/install/turtlebot3_msgs:/home/ye24/turtlebot3_ws/install/turtlebot3_gazebo:/home/ye24/turtlebot3_ws/install/turtlebot3_description:/home/ye24/turtlebot3_ws/install/turtlebot3_cartographer:/home/ye24/turtlebot3_ws/install/dynamixel_sdk_examples:/home/ye24/turtlebot3_ws/install/turtlebot3_teleop:/home/ye24/turtlebot3_ws/install/turtlebot3_example:/opt/ros/humble:/home/ye24/catkin_ws/src/turtlebot3/testautomation/devel:/home/ye24/catkin_ws/devel LD_LIBRARY_PATH=/home/ye24/turtlebot3_ws/install/dynamixel_sdk_custom_interfaces/lib:/home/ye24/turtlebot3_ws/install/dynamixel_sdk/lib:/home/ye24/turtlebot3_ws/install/turtlebot3_msgs/lib:/usr/lib/x86_64-linux-gnu/gazebo-11/plugins:/opt/ros/humble/opt/rviz_ogre_vendor/lib:/opt/ros/humble/lib/x86_64-linux-gnu:/opt/ros/humble/lib:/home/ye24/catkin_ws/src/turtlebot3/testautomation/devel/lib:/home/ye24/catkin_ws/devel/lib /usr/bin/cmake /home/ye24/turtlebot3_ws/src/DynamixelSDK/dynamixel_sdk_examples -DAMENT_CMAKE_SYMLINK_INSTALL=1 -DCMAKE_INSTALL_PREFIX=/home/ye24/turtlebot3_ws/install/dynamixel_sdk_examples
[0.123s] -- The C compiler identification is GNU 11.4.0
[0.160s] -- The CXX compiler identification is GNU 11.4.0
[0.165s] -- Detecting C compiler ABI info
[0.208s] -- Detecting C compiler ABI info - done
[0.216s] -- Check for working C compiler: /usr/bin/cc - skipped
[0.216s] -- Detecting C compile features
[0.216s] -- Detecting C compile features - done
[0.218s] -- Detecting CXX compiler ABI info
[0.270s] -- Detecting CXX compiler ABI info - done
[0.276s] -- Check for working CXX compiler: /usr/bin/c++ - skipped
[0.276s] -- Detecting CXX compile features
[0.277s] -- Detecting CXX compile features - done
[0.279s] -- Found ament_cmake: 1.3.5 (/opt/ros/humble/share/ament_cmake/cmake)
[0.400s] -- Found Python3: /usr/bin/python3.10 (found version "3.10.12") found components: Interpreter 
[0.443s] -- Override CMake install command with custom implementation using symlinks instead of copying resources
[0.469s] -- Found dynamixel_sdk: 3.7.60 (/home/ye24/turtlebot3_ws/install/dynamixel_sdk/share/dynamixel_sdk/cmake)
[0.470s] -- Found dynamixel_sdk_custom_interfaces: 3.7.60 (/home/ye24/turtlebot3_ws/install/dynamixel_sdk_custom_interfaces/share/dynamixel_sdk_custom_interfaces/cmake)
[0.504s] -- Found rosidl_generator_c: 3.1.5 (/opt/ros/humble/share/rosidl_generator_c/cmake)
[0.512s] -- Found rosidl_adapter: 3.1.5 (/opt/ros/humble/share/rosidl_adapter/cmake)
[0.521s] -- Found rosidl_generator_cpp: 3.1.5 (/opt/ros/humble/share/rosidl_generator_cpp/cmake)
[0.536s] -- Using all available rosidl_typesupport_c: rosidl_typesupport_fastrtps_c;rosidl_typesupport_introspection_c
[0.553s] -- Using all available rosidl_typesupport_cpp: rosidl_typesupport_fastrtps_cpp;rosidl_typesupport_introspection_cpp
[0.604s] -- Found rclcpp: 16.0.6 (/opt/ros/humble/share/rclcpp/cmake)
[0.657s] -- Found rmw_implementation_cmake: 6.1.1 (/opt/ros/humble/share/rmw_implementation_cmake/cmake)
[0.660s] -- Found rmw_fastrtps_cpp: 6.2.4 (/opt/ros/humble/share/rmw_fastrtps_cpp/cmake)
[0.739s] -- Found OpenSSL: /usr/lib/x86_64-linux-gnu/libcrypto.so (found version "3.0.2")  
[0.761s] -- Found FastRTPS: /opt/ros/humble/include  
[0.799s] -- Using RMW implementation 'rmw_fastrtps_cpp' as default
[0.808s] -- Looking for pthread.h
[0.860s] -- Looking for pthread.h - found
[0.860s] -- Performing Test CMAKE_HAVE_LIBC_PTHREAD
[0.906s] -- Performing Test CMAKE_HAVE_LIBC_PTHREAD - Success
[0.906s] -- Found Threads: TRUE  
[1.051s] -- Found ament_lint_auto: 0.12.8 (/opt/ros/humble/share/ament_lint_auto/cmake)
[1.125s] -- Added test 'copyright' to check source files copyright and LICENSE
[1.126s] -- Added test 'cppcheck' to perform static code analysis on C / C++ code
[1.126s] -- Configured cppcheck include dirs: /home/ye24/turtlebot3_ws/src/DynamixelSDK/dynamixel_sdk_examples/include
[1.126s] -- Configured cppcheck exclude dirs and/or files: 
[1.127s] -- Added test 'cpplint' to check C / C++ code against the Google style
[1.127s] -- Configured cpplint exclude dirs and/or files: 
[1.127s] -- Added test 'lint_cmake' to check CMake code style
[1.128s] -- Added test 'uncrustify' to check C / C++ code style
[1.128s] -- Configured uncrustify additional arguments: 
[1.128s] -- Added test 'xmllint' to check XML markup files
[1.130s] -- Configuring done
[1.136s] -- Generating done
[1.137s] -- Build files have been written to: /home/ye24/turtlebot3_ws/build/dynamixel_sdk_examples
[1.143s] Invoked command in '/home/ye24/turtlebot3_ws/build/dynamixel_sdk_examples' returned '0': CMAKE_PREFIX_PATH=/home/ye24/turtlebot3_ws/install/dynamixel_sdk_custom_interfaces:/home/ye24/turtlebot3_ws/install/dynamixel_sdk:/home/ye24/turtlebot3_ws/install/turtlebot3:/home/ye24/turtlebot3_ws/install/turtlebot3_simulations:/home/ye24/turtlebot3_ws/install/turtlebot3_bringup:/home/ye24/turtlebot3_ws/install/turtlebot3_node:/home/ye24/turtlebot3_ws/install/turtlebot3_navigation2:/home/ye24/turtlebot3_ws/install/turtlebot3_fake_node:/home/ye24/turtlebot3_ws/install/turtlebot3_msgs:/home/ye24/turtlebot3_ws/install/turtlebot3_gazebo:/home/ye24/turtlebot3_ws/install/turtlebot3_description:/home/ye24/turtlebot3_ws/install/turtlebot3_cartographer:/home/ye24/turtlebot3_ws/install/dynamixel_sdk_examples:/home/ye24/turtlebot3_ws/install/turtlebot3_teleop:/home/ye24/turtlebot3_ws/install/turtlebot3_example:/opt/ros/humble:/home/ye24/catkin_ws/src/turtlebot3/testautomation/devel:/home/ye24/catkin_ws/devel LD_LIBRARY_PATH=/home/ye24/turtlebot3_ws/install/dynamixel_sdk_custom_interfaces/lib:/home/ye24/turtlebot3_ws/install/dynamixel_sdk/lib:/home/ye24/turtlebot3_ws/install/turtlebot3_msgs/lib:/usr/lib/x86_64-linux-gnu/gazebo-11/plugins:/opt/ros/humble/opt/rviz_ogre_vendor/lib:/opt/ros/humble/lib/x86_64-linux-gnu:/opt/ros/humble/lib:/home/ye24/catkin_ws/src/turtlebot3/testautomation/devel/lib:/home/ye24/catkin_ws/devel/lib /usr/bin/cmake /home/ye24/turtlebot3_ws/src/DynamixelSDK/dynamixel_sdk_examples -DAMENT_CMAKE_SYMLINK_INSTALL=1 -DCMAKE_INSTALL_PREFIX=/home/ye24/turtlebot3_ws/install/dynamixel_sdk_examples
[1.145s] Invoking command in '/home/ye24/turtlebot3_ws/build/dynamixel_sdk_examples': CMAKE_PREFIX_PATH=/home/ye24/turtlebot3_ws/install/dynamixel_sdk_custom_interfaces:/home/ye24/turtlebot3_ws/install/dynamixel_sdk:/home/ye24/turtlebot3_ws/install/turtlebot3:/home/ye24/turtlebot3_ws/install/turtlebot3_simulations:/home/ye24/turtlebot3_ws/install/turtlebot3_bringup:/home/ye24/turtlebot3_ws/install/turtlebot3_node:/home/ye24/turtlebot3_ws/install/turtlebot3_navigation2:/home/ye24/turtlebot3_ws/install/turtlebot3_fake_node:/home/ye24/turtlebot3_ws/install/turtlebot3_msgs:/home/ye24/turtlebot3_ws/install/turtlebot3_gazebo:/home/ye24/turtlebot3_ws/install/turtlebot3_description:/home/ye24/turtlebot3_ws/install/turtlebot3_cartographer:/home/ye24/turtlebot3_ws/install/dynamixel_sdk_examples:/home/ye24/turtlebot3_ws/install/turtlebot3_teleop:/home/ye24/turtlebot3_ws/install/turtlebot3_example:/opt/ros/humble:/home/ye24/catkin_ws/src/turtlebot3/testautomation/devel:/home/ye24/catkin_ws/devel LD_LIBRARY_PATH=/home/ye24/turtlebot3_ws/install/dynamixel_sdk_custom_interfaces/lib:/home/ye24/turtlebot3_ws/install/dynamixel_sdk/lib:/home/ye24/turtlebot3_ws/install/turtlebot3_msgs/lib:/usr/lib/x86_64-linux-gnu/gazebo-11/plugins:/opt/ros/humble/opt/rviz_ogre_vendor/lib:/opt/ros/humble/lib/x86_64-linux-gnu:/opt/ros/humble/lib:/home/ye24/catkin_ws/src/turtlebot3/testautomation/devel/lib:/home/ye24/catkin_ws/devel/lib /usr/bin/cmake --build /home/ye24/turtlebot3_ws/build/dynamixel_sdk_examples -- -j12 -l12
[1.174s] [ 50%] [32mBuilding CXX object CMakeFiles/read_write_node.dir/src/read_write_node.cpp.o[0m
[8.208s] [100%] [32m[1mLinking CXX executable read_write_node[0m
[8.698s] [100%] Built target read_write_node
[8.711s] Invoked command in '/home/ye24/turtlebot3_ws/build/dynamixel_sdk_examples' returned '0': CMAKE_PREFIX_PATH=/home/ye24/turtlebot3_ws/install/dynamixel_sdk_custom_interfaces:/home/ye24/turtlebot3_ws/install/dynamixel_sdk:/home/ye24/turtlebot3_ws/install/turtlebot3:/home/ye24/turtlebot3_ws/install/turtlebot3_simulations:/home/ye24/turtlebot3_ws/install/turtlebot3_bringup:/home/ye24/turtlebot3_ws/install/turtlebot3_node:/home/ye24/turtlebot3_ws/install/turtlebot3_navigation2:/home/ye24/turtlebot3_ws/install/turtlebot3_fake_node:/home/ye24/turtlebot3_ws/install/turtlebot3_msgs:/home/ye24/turtlebot3_ws/install/turtlebot3_gazebo:/home/ye24/turtlebot3_ws/install/turtlebot3_description:/home/ye24/turtlebot3_ws/install/turtlebot3_cartographer:/home/ye24/turtlebot3_ws/install/dynamixel_sdk_examples:/home/ye24/turtlebot3_ws/install/turtlebot3_teleop:/home/ye24/turtlebot3_ws/install/turtlebot3_example:/opt/ros/humble:/home/ye24/catkin_ws/src/turtlebot3/testautomation/devel:/home/ye24/catkin_ws/devel LD_LIBRARY_PATH=/home/ye24/turtlebot3_ws/install/dynamixel_sdk_custom_interfaces/lib:/home/ye24/turtlebot3_ws/install/dynamixel_sdk/lib:/home/ye24/turtlebot3_ws/install/turtlebot3_msgs/lib:/usr/lib/x86_64-linux-gnu/gazebo-11/plugins:/opt/ros/humble/opt/rviz_ogre_vendor/lib:/opt/ros/humble/lib/x86_64-linux-gnu:/opt/ros/humble/lib:/home/ye24/catkin_ws/src/turtlebot3/testautomation/devel/lib:/home/ye24/catkin_ws/devel/lib /usr/bin/cmake --build /home/ye24/turtlebot3_ws/build/dynamixel_sdk_examples -- -j12 -l12
[8.746s] Invoking command in '/home/ye24/turtlebot3_ws/build/dynamixel_sdk_examples': CMAKE_PREFIX_PATH=/home/ye24/turtlebot3_ws/install/dynamixel_sdk_custom_interfaces:/home/ye24/turtlebot3_ws/install/dynamixel_sdk:/home/ye24/turtlebot3_ws/install/turtlebot3:/home/ye24/turtlebot3_ws/install/turtlebot3_simulations:/home/ye24/turtlebot3_ws/install/turtlebot3_bringup:/home/ye24/turtlebot3_ws/install/turtlebot3_node:/home/ye24/turtlebot3_ws/install/turtlebot3_navigation2:/home/ye24/turtlebot3_ws/install/turtlebot3_fake_node:/home/ye24/turtlebot3_ws/install/turtlebot3_msgs:/home/ye24/turtlebot3_ws/install/turtlebot3_gazebo:/home/ye24/turtlebot3_ws/install/turtlebot3_description:/home/ye24/turtlebot3_ws/install/turtlebot3_cartographer:/home/ye24/turtlebot3_ws/install/dynamixel_sdk_examples:/home/ye24/turtlebot3_ws/install/turtlebot3_teleop:/home/ye24/turtlebot3_ws/install/turtlebot3_example:/opt/ros/humble:/home/ye24/catkin_ws/src/turtlebot3/testautomation/devel:/home/ye24/catkin_ws/devel LD_LIBRARY_PATH=/home/ye24/turtlebot3_ws/install/dynamixel_sdk_custom_interfaces/lib:/home/ye24/turtlebot3_ws/install/dynamixel_sdk/lib:/home/ye24/turtlebot3_ws/install/turtlebot3_msgs/lib:/usr/lib/x86_64-linux-gnu/gazebo-11/plugins:/opt/ros/humble/opt/rviz_ogre_vendor/lib:/opt/ros/humble/lib/x86_64-linux-gnu:/opt/ros/humble/lib:/home/ye24/catkin_ws/src/turtlebot3/testautomation/devel/lib:/home/ye24/catkin_ws/devel/lib /usr/bin/cmake --install /home/ye24/turtlebot3_ws/build/dynamixel_sdk_examples
[8.755s] -- Install configuration: ""
[8.755s] -- Execute custom install script
[8.756s] -- Symlinking: /home/ye24/turtlebot3_ws/install/dynamixel_sdk_examples/lib/dynamixel_sdk_examples/read_write_node
[8.765s] -- Symlinking: /home/ye24/turtlebot3_ws/install/dynamixel_sdk_examples/share/ament_index/resource_index/package_run_dependencies/dynamixel_sdk_examples
[8.773s] -- Symlinking: /home/ye24/turtlebot3_ws/install/dynamixel_sdk_examples/share/ament_index/resource_index/parent_prefix_path/dynamixel_sdk_examples
[8.782s] -- Symlinking: /home/ye24/turtlebot3_ws/install/dynamixel_sdk_examples/share/dynamixel_sdk_examples/environment/ament_prefix_path.sh
[8.794s] -- Symlinking: /home/ye24/turtlebot3_ws/install/dynamixel_sdk_examples/share/dynamixel_sdk_examples/environment/ament_prefix_path.dsv
[8.803s] -- Symlinking: /home/ye24/turtlebot3_ws/install/dynamixel_sdk_examples/share/dynamixel_sdk_examples/environment/path.sh
[8.812s] -- Symlinking: /home/ye24/turtlebot3_ws/install/dynamixel_sdk_examples/share/dynamixel_sdk_examples/environment/path.dsv
[8.820s] -- Symlinking: /home/ye24/turtlebot3_ws/install/dynamixel_sdk_examples/share/dynamixel_sdk_examples/local_setup.bash
[8.829s] -- Symlinking: /home/ye24/turtlebot3_ws/install/dynamixel_sdk_examples/share/dynamixel_sdk_examples/local_setup.sh
[8.837s] -- Symlinking: /home/ye24/turtlebot3_ws/install/dynamixel_sdk_examples/share/dynamixel_sdk_examples/local_setup.zsh
[8.845s] -- Symlinking: /home/ye24/turtlebot3_ws/install/dynamixel_sdk_examples/share/dynamixel_sdk_examples/local_setup.dsv
[8.853s] -- Symlinking: /home/ye24/turtlebot3_ws/install/dynamixel_sdk_examples/share/dynamixel_sdk_examples/package.dsv
[8.863s] -- Symlinking: /home/ye24/turtlebot3_ws/install/dynamixel_sdk_examples/share/ament_index/resource_index/packages/dynamixel_sdk_examples
[8.872s] -- Symlinking: /home/ye24/turtlebot3_ws/install/dynamixel_sdk_examples/share/dynamixel_sdk_examples/cmake/dynamixel_sdk_examplesConfig.cmake
[8.881s] -- Symlinking: /home/ye24/turtlebot3_ws/install/dynamixel_sdk_examples/share/dynamixel_sdk_examples/cmake/dynamixel_sdk_examplesConfig-version.cmake
[8.890s] -- Symlinking: /home/ye24/turtlebot3_ws/install/dynamixel_sdk_examples/share/dynamixel_sdk_examples/package.xml
[8.902s] Invoked command in '/home/ye24/turtlebot3_ws/build/dynamixel_sdk_examples' returned '0': CMAKE_PREFIX_PATH=/home/ye24/turtlebot3_ws/install/dynamixel_sdk_custom_interfaces:/home/ye24/turtlebot3_ws/install/dynamixel_sdk:/home/ye24/turtlebot3_ws/install/turtlebot3:/home/ye24/turtlebot3_ws/install/turtlebot3_simulations:/home/ye24/turtlebot3_ws/install/turtlebot3_bringup:/home/ye24/turtlebot3_ws/install/turtlebot3_node:/home/ye24/turtlebot3_ws/install/turtlebot3_navigation2:/home/ye24/turtlebot3_ws/install/turtlebot3_fake_node:/home/ye24/turtlebot3_ws/install/turtlebot3_msgs:/home/ye24/turtlebot3_ws/install/turtlebot3_gazebo:/home/ye24/turtlebot3_ws/install/turtlebot3_description:/home/ye24/turtlebot3_ws/install/turtlebot3_cartographer:/home/ye24/turtlebot3_ws/install/dynamixel_sdk_examples:/home/ye24/turtlebot3_ws/install/turtlebot3_teleop:/home/ye24/turtlebot3_ws/install/turtlebot3_example:/opt/ros/humble:/home/ye24/catkin_ws/src/turtlebot3/testautomation/devel:/home/ye24/catkin_ws/devel LD_LIBRARY_PATH=/home/ye24/turtlebot3_ws/install/dynamixel_sdk_custom_interfaces/lib:/home/ye24/turtlebot3_ws/install/dynamixel_sdk/lib:/home/ye24/turtlebot3_ws/install/turtlebot3_msgs/lib:/usr/lib/x86_64-linux-gnu/gazebo-11/plugins:/opt/ros/humble/opt/rviz_ogre_vendor/lib:/opt/ros/humble/lib/x86_64-linux-gnu:/opt/ros/humble/lib:/home/ye24/catkin_ws/src/turtlebot3/testautomation/devel/lib:/home/ye24/catkin_ws/devel/lib /usr/bin/cmake --install /home/ye24/turtlebot3_ws/build/dynamixel_sdk_examples
