[1.090s] Invoking command in '/home/ye24/turtlebot3_ws/build/py_pubsub': PYTHONPATH=/home/ye24/turtlebot3_ws/build/py_pubsub/prefix_override:/home/ye24/turtlebot3_ws/install/py_pubsub/lib/python3.10/site-packages:${PYTHONPATH} /usr/bin/python3 setup.py develop --editable --build-directory /home/ye24/turtlebot3_ws/build/py_pubsub/build --no-deps install_data
[1.264s] running develop
[1.264s] /usr/lib/python3/dist-packages/setuptools/command/easy_install.py:158: EasyInstallDeprecationWarning: easy_install command is deprecated. Use build and pip and other standards-based tools.
[1.264s]   warnings.warn(
[1.265s] /usr/lib/python3/dist-packages/setuptools/command/install.py:34: SetuptoolsDeprecationWarning: setup.py install is deprecated. Use build and pip and other standards-based tools.
[1.265s]   warnings.warn(
[1.367s] running egg_info
[1.367s] writing py_pubsub.egg-info/PKG-INFO
[1.367s] writing dependency_links to py_pubsub.egg-info/dependency_links.txt
[1.368s] writing entry points to py_pubsub.egg-info/entry_points.txt
[1.368s] writing requirements to py_pubsub.egg-info/requires.txt
[1.368s] writing top-level names to py_pubsub.egg-info/top_level.txt
[1.368s] reading manifest file 'py_pubsub.egg-info/SOURCES.txt'
[1.369s] writing manifest file 'py_pubsub.egg-info/SOURCES.txt'
[1.370s] running build_ext
[1.370s] Creating /home/ye24/turtlebot3_ws/install/py_pubsub/lib/python3.10/site-packages/py-pubsub.egg-link (link to .)
[1.370s] Installing maze script to /home/ye24/turtlebot3_ws/install/py_pubsub/lib/py_pubsub
[1.371s] Installing talker script to /home/ye24/turtlebot3_ws/install/py_pubsub/lib/py_pubsub
[1.371s] 
[1.371s] Installed /home/ye24/turtlebot3_ws/build/py_pubsub
[1.371s] running install_data
[1.507s] Invoked command in '/home/ye24/turtlebot3_ws/build/py_pubsub' returned '0': PYTHONPATH=/home/ye24/turtlebot3_ws/build/py_pubsub/prefix_override:/home/ye24/turtlebot3_ws/install/py_pubsub/lib/python3.10/site-packages:${PYTHONPATH} /usr/bin/python3 setup.py develop --editable --build-directory /home/ye24/turtlebot3_ws/build/py_pubsub/build --no-deps install_data
