[0.708s] Invoking command in '/home/ye24/turtlebot3_ws/build/turtlebot3_example': CMAKE_PREFIX_PATH=/home/ye24/turtlebot3_ws/install/turtlebot3_msgs:/home/ye24/turtlebot3_ws/install/turtlebot3:/home/ye24/turtlebot3_ws/install/turtlebot3_bringup:/home/ye24/turtlebot3_ws/install/turtlebot3_node:/home/ye24/turtlebot3_ws/install/turtlebot3_navigation2:/home/ye24/turtlebot3_ws/install/turtlebot3_description:/home/ye24/turtlebot3_ws/install/turtlebot3_cartographer:/home/ye24/turtlebot3_ws/install/my_turtlebot3_control:/home/ye24/turtlebot3_ws/install/dynamixel_sdk_examples:/home/ye24/turtlebot3_ws/install/dynamixel_sdk_custom_interfaces:/home/ye24/turtlebot3_ws/install/dynamixel_sdk:/home/ye24/catkin_ws/src/turtlebot3/testautomation/devel:/home/ye24/catkin_ws/devel PYTHONPATH=/home/ye24/turtlebot3_ws/build/turtlebot3_example/prefix_override:/home/ye24/turtlebot3_ws/install/turtlebot3_example/lib/python3.10/site-packages:${PYTHONPATH} /usr/bin/python3 setup.py develop --editable --build-directory /home/ye24/turtlebot3_ws/build/turtlebot3_example/build --no-deps install_data
[0.885s] running develop
[0.885s] /usr/lib/python3/dist-packages/setuptools/command/easy_install.py:158: EasyInstallDeprecationWarning: easy_install command is deprecated. Use build and pip and other standards-based tools.
[0.885s]   warnings.warn(
[0.886s] /usr/lib/python3/dist-packages/setuptools/command/install.py:34: SetuptoolsDeprecationWarning: setup.py install is deprecated. Use build and pip and other standards-based tools.
[0.886s]   warnings.warn(
[0.986s] running egg_info
[0.986s] writing turtlebot3_example.egg-info/PKG-INFO
[0.986s] writing dependency_links to turtlebot3_example.egg-info/dependency_links.txt
[0.986s] writing entry points to turtlebot3_example.egg-info/entry_points.txt
[0.987s] writing requirements to turtlebot3_example.egg-info/requires.txt
[0.987s] writing top-level names to turtlebot3_example.egg-info/top_level.txt
[0.988s] reading manifest file 'turtlebot3_example.egg-info/SOURCES.txt'
[0.989s] writing manifest file 'turtlebot3_example.egg-info/SOURCES.txt'
[0.989s] running build_ext
[0.990s] Creating /home/ye24/turtlebot3_ws/install/turtlebot3_example/lib/python3.10/site-packages/turtlebot3-example.egg-link (link to .)
[0.990s] Installing turtlebot3_obstacle_detection script to /home/ye24/turtlebot3_ws/install/turtlebot3_example/lib/turtlebot3_example
[0.990s] Installing turtlebot3_patrol_client script to /home/ye24/turtlebot3_ws/install/turtlebot3_example/lib/turtlebot3_example
[0.990s] Installing turtlebot3_patrol_server script to /home/ye24/turtlebot3_ws/install/turtlebot3_example/lib/turtlebot3_example
[0.990s] Installing turtlebot3_position_control script to /home/ye24/turtlebot3_ws/install/turtlebot3_example/lib/turtlebot3_example
[0.990s] 
[0.990s] Installed /home/ye24/turtlebot3_ws/build/turtlebot3_example
[0.990s] running install_data
[1.007s] Invoked command in '/home/ye24/turtlebot3_ws/build/turtlebot3_example' returned '0': CMAKE_PREFIX_PATH=/home/ye24/turtlebot3_ws/install/turtlebot3_msgs:/home/ye24/turtlebot3_ws/install/turtlebot3:/home/ye24/turtlebot3_ws/install/turtlebot3_bringup:/home/ye24/turtlebot3_ws/install/turtlebot3_node:/home/ye24/turtlebot3_ws/install/turtlebot3_navigation2:/home/ye24/turtlebot3_ws/install/turtlebot3_description:/home/ye24/turtlebot3_ws/install/turtlebot3_cartographer:/home/ye24/turtlebot3_ws/install/my_turtlebot3_control:/home/ye24/turtlebot3_ws/install/dynamixel_sdk_examples:/home/ye24/turtlebot3_ws/install/dynamixel_sdk_custom_interfaces:/home/ye24/turtlebot3_ws/install/dynamixel_sdk:/home/ye24/catkin_ws/src/turtlebot3/testautomation/devel:/home/ye24/catkin_ws/devel PYTHONPATH=/home/ye24/turtlebot3_ws/build/turtlebot3_example/prefix_override:/home/ye24/turtlebot3_ws/install/turtlebot3_example/lib/python3.10/site-packages:${PYTHONPATH} /usr/bin/python3 setup.py develop --editable --build-directory /home/ye24/turtlebot3_ws/build/turtlebot3_example/build --no-deps install_data
