[0.379s] Invoking command in '/home/ye24/turtlebot3_ws/build/dynamixel_sdk_custom_interfaces': CMAKE_PREFIX_PATH=/home/ye24/turtlebot3_ws/install/turtlebot3:/home/ye24/turtlebot3_ws/install/turtlebot3_bringup:/home/ye24/turtlebot3_ws/install/turtlebot3_node:/home/ye24/turtlebot3_ws/install/turtlebot3_navigation2:/home/ye24/turtlebot3_ws/install/turtlebot3_msgs:/home/ye24/turtlebot3_ws/install/turtlebot3_description:/home/ye24/turtlebot3_ws/install/turtlebot3_cartographer:/home/ye24/turtlebot3_ws/install/my_turtlebot3_control:/home/ye24/turtlebot3_ws/install/dynamixel_sdk_examples:/home/ye24/turtlebot3_ws/install/dynamixel_sdk_custom_interfaces:/home/ye24/turtlebot3_ws/install/dynamixel_sdk:/home/ye24/turtlebot3_ws/install/py_pubsub:/home/ye24/turtlebot3_ws/install/turtlebot3_teleop:/home/ye24/turtlebot3_ws/install/turtlebot3_example:/opt/ros/humble:/home/ye24/catkin_ws/src/turtlebot3/testautomation/devel:/home/ye24/catkin_ws/devel /usr/bin/cmake --build /home/ye24/turtlebot3_ws/build/dynamixel_sdk_custom_interfaces -- -j12 -l12
[0.632s] [ 10%] Built target dynamixel_sdk_custom_interfaces__rosidl_generator_c
[0.632s] [ 12%] Built target dynamixel_sdk_custom_interfaces__cpp
[0.632s] [ 12%] Built target ament_cmake_python_symlink_dynamixel_sdk_custom_interfaces
[0.632s] [ 23%] Built target dynamixel_sdk_custom_interfaces__rosidl_typesupport_c
[0.633s] [ 33%] Built target dynamixel_sdk_custom_interfaces__rosidl_typesupport_introspection_c
[0.633s] [ 43%] Built target dynamixel_sdk_custom_interfaces__rosidl_typesupport_fastrtps_c
[0.633s] [ 53%] Built target dynamixel_sdk_custom_interfaces__rosidl_typesupport_cpp
[0.633s] [ 69%] Built target dynamixel_sdk_custom_interfaces__rosidl_typesupport_fastrtps_cpp
[0.633s] [ 74%] Built target dynamixel_sdk_custom_interfaces__rosidl_typesupport_introspection_cpp
[0.633s] [ 74%] Built target dynamixel_sdk_custom_interfaces
[0.633s] [ 76%] Built target dynamixel_sdk_custom_interfaces__py
[0.633s] [ 84%] Built target dynamixel_sdk_custom_interfaces__rosidl_generator_py
[0.633s] [ 89%] Built target dynamixel_sdk_custom_interfaces__rosidl_typesupport_fastrtps_c__pyext
[0.633s] [ 94%] Built target dynamixel_sdk_custom_interfaces__rosidl_typesupport_introspection_c__pyext
[0.633s] [100%] Built target dynamixel_sdk_custom_interfaces__rosidl_typesupport_c__pyext
[0.633s] running egg_info
[0.633s] writing dynamixel_sdk_custom_interfaces.egg-info/PKG-INFO
[0.633s] writing dependency_links to dynamixel_sdk_custom_interfaces.egg-info/dependency_links.txt
[0.633s] writing top-level names to dynamixel_sdk_custom_interfaces.egg-info/top_level.txt
[0.633s] reading manifest file 'dynamixel_sdk_custom_interfaces.egg-info/SOURCES.txt'
[0.633s] writing manifest file 'dynamixel_sdk_custom_interfaces.egg-info/SOURCES.txt'
[0.633s] [100%] Built target ament_cmake_python_build_dynamixel_sdk_custom_interfaces_egg
[0.899s] Invoked command in '/home/ye24/turtlebot3_ws/build/dynamixel_sdk_custom_interfaces' returned '0': CMAKE_PREFIX_PATH=/home/ye24/turtlebot3_ws/install/turtlebot3:/home/ye24/turtlebot3_ws/install/turtlebot3_bringup:/home/ye24/turtlebot3_ws/install/turtlebot3_node:/home/ye24/turtlebot3_ws/install/turtlebot3_navigation2:/home/ye24/turtlebot3_ws/install/turtlebot3_msgs:/home/ye24/turtlebot3_ws/install/turtlebot3_description:/home/ye24/turtlebot3_ws/install/turtlebot3_cartographer:/home/ye24/turtlebot3_ws/install/my_turtlebot3_control:/home/ye24/turtlebot3_ws/install/dynamixel_sdk_examples:/home/ye24/turtlebot3_ws/install/dynamixel_sdk_custom_interfaces:/home/ye24/turtlebot3_ws/install/dynamixel_sdk:/home/ye24/turtlebot3_ws/install/py_pubsub:/home/ye24/turtlebot3_ws/install/turtlebot3_teleop:/home/ye24/turtlebot3_ws/install/turtlebot3_example:/opt/ros/humble:/home/ye24/catkin_ws/src/turtlebot3/testautomation/devel:/home/ye24/catkin_ws/devel /usr/bin/cmake --build /home/ye24/turtlebot3_ws/build/dynamixel_sdk_custom_interfaces -- -j12 -l12
[1.035s] Invoking command in '/home/ye24/turtlebot3_ws/build/dynamixel_sdk_custom_interfaces': CMAKE_PREFIX_PATH=/home/ye24/turtlebot3_ws/install/turtlebot3:/home/ye24/turtlebot3_ws/install/turtlebot3_bringup:/home/ye24/turtlebot3_ws/install/turtlebot3_node:/home/ye24/turtlebot3_ws/install/turtlebot3_navigation2:/home/ye24/turtlebot3_ws/install/turtlebot3_msgs:/home/ye24/turtlebot3_ws/install/turtlebot3_description:/home/ye24/turtlebot3_ws/install/turtlebot3_cartographer:/home/ye24/turtlebot3_ws/install/my_turtlebot3_control:/home/ye24/turtlebot3_ws/install/dynamixel_sdk_examples:/home/ye24/turtlebot3_ws/install/dynamixel_sdk_custom_interfaces:/home/ye24/turtlebot3_ws/install/dynamixel_sdk:/home/ye24/turtlebot3_ws/install/py_pubsub:/home/ye24/turtlebot3_ws/install/turtlebot3_teleop:/home/ye24/turtlebot3_ws/install/turtlebot3_example:/opt/ros/humble:/home/ye24/catkin_ws/src/turtlebot3/testautomation/devel:/home/ye24/catkin_ws/devel /usr/bin/cmake --install /home/ye24/turtlebot3_ws/build/dynamixel_sdk_custom_interfaces
[1.146s] -- Install configuration: ""
[1.146s] -- Execute custom install script
[1.146s] -- Up-to-date symlink: /home/ye24/turtlebot3_ws/install/dynamixel_sdk_custom_interfaces/share/ament_index/resource_index/rosidl_interfaces/dynamixel_sdk_custom_interfaces
[1.146s] -- Up-to-date symlink: /home/ye24/turtlebot3_ws/install/dynamixel_sdk_custom_interfaces/include/dynamixel_sdk_custom_interfaces/dynamixel_sdk_custom_interfaces/msg/detail/set_position__functions.h
[1.146s] -- Up-to-date symlink: /home/ye24/turtlebot3_ws/install/dynamixel_sdk_custom_interfaces/include/dynamixel_sdk_custom_interfaces/dynamixel_sdk_custom_interfaces/msg/detail/set_position__struct.h
[1.147s] -- Up-to-date symlink: /home/ye24/turtlebot3_ws/install/dynamixel_sdk_custom_interfaces/include/dynamixel_sdk_custom_interfaces/dynamixel_sdk_custom_interfaces/msg/detail/set_position__type_support.h
[1.147s] -- Up-to-date symlink: /home/ye24/turtlebot3_ws/install/dynamixel_sdk_custom_interfaces/include/dynamixel_sdk_custom_interfaces/dynamixel_sdk_custom_interfaces/msg/rosidl_generator_c__visibility_control.h
[1.147s] -- Up-to-date symlink: /home/ye24/turtlebot3_ws/install/dynamixel_sdk_custom_interfaces/include/dynamixel_sdk_custom_interfaces/dynamixel_sdk_custom_interfaces/msg/set_position.h
[1.147s] -- Up-to-date symlink: /home/ye24/turtlebot3_ws/install/dynamixel_sdk_custom_interfaces/include/dynamixel_sdk_custom_interfaces/dynamixel_sdk_custom_interfaces/srv/detail/get_position__functions.h
[1.147s] -- Up-to-date symlink: /home/ye24/turtlebot3_ws/install/dynamixel_sdk_custom_interfaces/include/dynamixel_sdk_custom_interfaces/dynamixel_sdk_custom_interfaces/srv/detail/get_position__struct.h
[1.147s] -- Up-to-date symlink: /home/ye24/turtlebot3_ws/install/dynamixel_sdk_custom_interfaces/include/dynamixel_sdk_custom_interfaces/dynamixel_sdk_custom_interfaces/srv/detail/get_position__type_support.h
[1.147s] -- Up-to-date symlink: /home/ye24/turtlebot3_ws/install/dynamixel_sdk_custom_interfaces/include/dynamixel_sdk_custom_interfaces/dynamixel_sdk_custom_interfaces/srv/get_position.h
[1.147s] -- Up-to-date symlink: /home/ye24/turtlebot3_ws/install/dynamixel_sdk_custom_interfaces/share/dynamixel_sdk_custom_interfaces/environment/library_path.sh
[1.148s] -- Up-to-date symlink: /home/ye24/turtlebot3_ws/install/dynamixel_sdk_custom_interfaces/share/dynamixel_sdk_custom_interfaces/environment/library_path.dsv
[1.148s] -- Up-to-date symlink: /home/ye24/turtlebot3_ws/install/dynamixel_sdk_custom_interfaces/include/dynamixel_sdk_custom_interfaces/dynamixel_sdk_custom_interfaces/msg/detail/set_position__rosidl_typesupport_fastrtps_c.h
[1.148s] -- Up-to-date symlink: /home/ye24/turtlebot3_ws/install/dynamixel_sdk_custom_interfaces/include/dynamixel_sdk_custom_interfaces/dynamixel_sdk_custom_interfaces/msg/rosidl_typesupport_fastrtps_c__visibility_control.h
[1.148s] -- Up-to-date symlink: /home/ye24/turtlebot3_ws/install/dynamixel_sdk_custom_interfaces/include/dynamixel_sdk_custom_interfaces/dynamixel_sdk_custom_interfaces/srv/detail/get_position__rosidl_typesupport_fastrtps_c.h
[1.148s] -- Up-to-date symlink: /home/ye24/turtlebot3_ws/install/dynamixel_sdk_custom_interfaces/include/dynamixel_sdk_custom_interfaces/dynamixel_sdk_custom_interfaces/msg/detail/set_position__builder.hpp
[1.149s] -- Up-to-date symlink: /home/ye24/turtlebot3_ws/install/dynamixel_sdk_custom_interfaces/include/dynamixel_sdk_custom_interfaces/dynamixel_sdk_custom_interfaces/msg/detail/set_position__struct.hpp
[1.149s] -- Up-to-date symlink: /home/ye24/turtlebot3_ws/install/dynamixel_sdk_custom_interfaces/include/dynamixel_sdk_custom_interfaces/dynamixel_sdk_custom_interfaces/msg/detail/set_position__traits.hpp
[1.149s] -- Up-to-date symlink: /home/ye24/turtlebot3_ws/install/dynamixel_sdk_custom_interfaces/include/dynamixel_sdk_custom_interfaces/dynamixel_sdk_custom_interfaces/msg/set_position.hpp
[1.149s] -- Up-to-date symlink: /home/ye24/turtlebot3_ws/install/dynamixel_sdk_custom_interfaces/include/dynamixel_sdk_custom_interfaces/dynamixel_sdk_custom_interfaces/srv/detail/get_position__builder.hpp
[1.149s] -- Up-to-date symlink: /home/ye24/turtlebot3_ws/install/dynamixel_sdk_custom_interfaces/include/dynamixel_sdk_custom_interfaces/dynamixel_sdk_custom_interfaces/srv/detail/get_position__struct.hpp
[1.149s] -- Up-to-date symlink: /home/ye24/turtlebot3_ws/install/dynamixel_sdk_custom_interfaces/include/dynamixel_sdk_custom_interfaces/dynamixel_sdk_custom_interfaces/srv/detail/get_position__traits.hpp
[1.150s] -- Up-to-date symlink: /home/ye24/turtlebot3_ws/install/dynamixel_sdk_custom_interfaces/include/dynamixel_sdk_custom_interfaces/dynamixel_sdk_custom_interfaces/srv/get_position.hpp
[1.150s] -- Up-to-date symlink: /home/ye24/turtlebot3_ws/install/dynamixel_sdk_custom_interfaces/include/dynamixel_sdk_custom_interfaces/dynamixel_sdk_custom_interfaces/msg/detail/set_position__rosidl_typesupport_fastrtps_cpp.hpp
[1.150s] -- Up-to-date symlink: /home/ye24/turtlebot3_ws/install/dynamixel_sdk_custom_interfaces/include/dynamixel_sdk_custom_interfaces/dynamixel_sdk_custom_interfaces/msg/rosidl_typesupport_fastrtps_cpp__visibility_control.h
[1.150s] -- Up-to-date symlink: /home/ye24/turtlebot3_ws/install/dynamixel_sdk_custom_interfaces/include/dynamixel_sdk_custom_interfaces/dynamixel_sdk_custom_interfaces/srv/detail/get_position__rosidl_typesupport_fastrtps_cpp.hpp
[1.150s] -- Up-to-date symlink: /home/ye24/turtlebot3_ws/install/dynamixel_sdk_custom_interfaces/include/dynamixel_sdk_custom_interfaces/dynamixel_sdk_custom_interfaces/msg/detail/set_position__rosidl_typesupport_introspection_c.h
[1.150s] -- Up-to-date symlink: /home/ye24/turtlebot3_ws/install/dynamixel_sdk_custom_interfaces/include/dynamixel_sdk_custom_interfaces/dynamixel_sdk_custom_interfaces/msg/rosidl_typesupport_introspection_c__visibility_control.h
[1.150s] -- Up-to-date symlink: /home/ye24/turtlebot3_ws/install/dynamixel_sdk_custom_interfaces/include/dynamixel_sdk_custom_interfaces/dynamixel_sdk_custom_interfaces/srv/detail/get_position__rosidl_typesupport_introspection_c.h
[1.151s] -- Up-to-date symlink: /home/ye24/turtlebot3_ws/install/dynamixel_sdk_custom_interfaces/include/dynamixel_sdk_custom_interfaces/dynamixel_sdk_custom_interfaces/msg/detail/set_position__rosidl_typesupport_introspection_cpp.hpp
[1.151s] -- Up-to-date symlink: /home/ye24/turtlebot3_ws/install/dynamixel_sdk_custom_interfaces/include/dynamixel_sdk_custom_interfaces/dynamixel_sdk_custom_interfaces/srv/detail/get_position__rosidl_typesupport_introspection_cpp.hpp
[1.151s] -- Up-to-date symlink: /home/ye24/turtlebot3_ws/install/dynamixel_sdk_custom_interfaces/share/dynamixel_sdk_custom_interfaces/environment/pythonpath.sh
[1.151s] -- Up-to-date symlink: /home/ye24/turtlebot3_ws/install/dynamixel_sdk_custom_interfaces/share/dynamixel_sdk_custom_interfaces/environment/pythonpath.dsv
[1.151s] -- Up-to-date symlink: /home/ye24/turtlebot3_ws/install/dynamixel_sdk_custom_interfaces/local/lib/python3.10/dist-packages/dynamixel_sdk_custom_interfaces-3.7.60-py3.10.egg-info/PKG-INFO
[1.151s] -- Up-to-date symlink: /home/ye24/turtlebot3_ws/install/dynamixel_sdk_custom_interfaces/local/lib/python3.10/dist-packages/dynamixel_sdk_custom_interfaces-3.7.60-py3.10.egg-info/SOURCES.txt
[1.151s] -- Up-to-date symlink: /home/ye24/turtlebot3_ws/install/dynamixel_sdk_custom_interfaces/local/lib/python3.10/dist-packages/dynamixel_sdk_custom_interfaces-3.7.60-py3.10.egg-info/dependency_links.txt
[1.151s] -- Up-to-date symlink: /home/ye24/turtlebot3_ws/install/dynamixel_sdk_custom_interfaces/local/lib/python3.10/dist-packages/dynamixel_sdk_custom_interfaces-3.7.60-py3.10.egg-info/top_level.txt
[1.152s] -- Up-to-date symlink: /home/ye24/turtlebot3_ws/install/dynamixel_sdk_custom_interfaces/local/lib/python3.10/dist-packages/dynamixel_sdk_custom_interfaces/__init__.py
[1.152s] -- Up-to-date symlink: /home/ye24/turtlebot3_ws/install/dynamixel_sdk_custom_interfaces/local/lib/python3.10/dist-packages/dynamixel_sdk_custom_interfaces/_dynamixel_sdk_custom_interfaces_s.ep.rosidl_typesupport_c.c
[1.152s] -- Up-to-date symlink: /home/ye24/turtlebot3_ws/install/dynamixel_sdk_custom_interfaces/local/lib/python3.10/dist-packages/dynamixel_sdk_custom_interfaces/_dynamixel_sdk_custom_interfaces_s.ep.rosidl_typesupport_fastrtps_c.c
[1.152s] -- Up-to-date symlink: /home/ye24/turtlebot3_ws/install/dynamixel_sdk_custom_interfaces/local/lib/python3.10/dist-packages/dynamixel_sdk_custom_interfaces/_dynamixel_sdk_custom_interfaces_s.ep.rosidl_typesupport_introspection_c.c
[1.152s] -- Up-to-date symlink: /home/ye24/turtlebot3_ws/install/dynamixel_sdk_custom_interfaces/local/lib/python3.10/dist-packages/dynamixel_sdk_custom_interfaces/dynamixel_sdk_custom_interfaces_s__rosidl_typesupport_c.cpython-310-x86_64-linux-gnu.so
[1.152s] -- Up-to-date symlink: /home/ye24/turtlebot3_ws/install/dynamixel_sdk_custom_interfaces/local/lib/python3.10/dist-packages/dynamixel_sdk_custom_interfaces/dynamixel_sdk_custom_interfaces_s__rosidl_typesupport_fastrtps_c.cpython-310-x86_64-linux-gnu.so
[1.152s] -- Up-to-date symlink: /home/ye24/turtlebot3_ws/install/dynamixel_sdk_custom_interfaces/local/lib/python3.10/dist-packages/dynamixel_sdk_custom_interfaces/dynamixel_sdk_custom_interfaces_s__rosidl_typesupport_introspection_c.cpython-310-x86_64-linux-gnu.so
[1.152s] -- Up-to-date symlink: /home/ye24/turtlebot3_ws/install/dynamixel_sdk_custom_interfaces/local/lib/python3.10/dist-packages/dynamixel_sdk_custom_interfaces/libdynamixel_sdk_custom_interfaces__rosidl_generator_py.so
[1.153s] -- Up-to-date symlink: /home/ye24/turtlebot3_ws/install/dynamixel_sdk_custom_interfaces/local/lib/python3.10/dist-packages/dynamixel_sdk_custom_interfaces/msg/__init__.py
[1.153s] -- Up-to-date symlink: /home/ye24/turtlebot3_ws/install/dynamixel_sdk_custom_interfaces/local/lib/python3.10/dist-packages/dynamixel_sdk_custom_interfaces/msg/_set_position.py
[1.153s] -- Up-to-date symlink: /home/ye24/turtlebot3_ws/install/dynamixel_sdk_custom_interfaces/local/lib/python3.10/dist-packages/dynamixel_sdk_custom_interfaces/msg/_set_position_s.c
[1.153s] -- Up-to-date symlink: /home/ye24/turtlebot3_ws/install/dynamixel_sdk_custom_interfaces/local/lib/python3.10/dist-packages/dynamixel_sdk_custom_interfaces/srv/__init__.py
[1.153s] -- Up-to-date symlink: /home/ye24/turtlebot3_ws/install/dynamixel_sdk_custom_interfaces/local/lib/python3.10/dist-packages/dynamixel_sdk_custom_interfaces/srv/_get_position.py
[1.153s] -- Up-to-date symlink: /home/ye24/turtlebot3_ws/install/dynamixel_sdk_custom_interfaces/local/lib/python3.10/dist-packages/dynamixel_sdk_custom_interfaces/srv/_get_position_s.c
[1.154s] -- Up-to-date symlink: /home/ye24/turtlebot3_ws/install/dynamixel_sdk_custom_interfaces/local/lib/python3.10/dist-packages/dynamixel_sdk_custom_interfaces/dynamixel_sdk_custom_interfaces_s__rosidl_typesupport_fastrtps_c.cpython-310-x86_64-linux-gnu.so
[1.154s] -- Up-to-date symlink: /home/ye24/turtlebot3_ws/install/dynamixel_sdk_custom_interfaces/local/lib/python3.10/dist-packages/dynamixel_sdk_custom_interfaces/dynamixel_sdk_custom_interfaces_s__rosidl_typesupport_introspection_c.cpython-310-x86_64-linux-gnu.so
[1.154s] -- Up-to-date symlink: /home/ye24/turtlebot3_ws/install/dynamixel_sdk_custom_interfaces/local/lib/python3.10/dist-packages/dynamixel_sdk_custom_interfaces/dynamixel_sdk_custom_interfaces_s__rosidl_typesupport_c.cpython-310-x86_64-linux-gnu.so
[1.154s] -- Up-to-date symlink: /home/ye24/turtlebot3_ws/install/dynamixel_sdk_custom_interfaces/share/dynamixel_sdk_custom_interfaces/msg/SetPosition.idl
[1.154s] -- Up-to-date symlink: /home/ye24/turtlebot3_ws/install/dynamixel_sdk_custom_interfaces/share/dynamixel_sdk_custom_interfaces/srv/GetPosition.idl
[1.154s] -- Up-to-date symlink: /home/ye24/turtlebot3_ws/install/dynamixel_sdk_custom_interfaces/share/dynamixel_sdk_custom_interfaces/msg/SetPosition.msg
[1.154s] -- Up-to-date symlink: /home/ye24/turtlebot3_ws/install/dynamixel_sdk_custom_interfaces/share/dynamixel_sdk_custom_interfaces/srv/GetPosition.srv
[1.155s] -- Up-to-date symlink: /home/ye24/turtlebot3_ws/install/dynamixel_sdk_custom_interfaces/share/dynamixel_sdk_custom_interfaces/srv/GetPosition_Request.msg
[1.155s] -- Up-to-date symlink: /home/ye24/turtlebot3_ws/install/dynamixel_sdk_custom_interfaces/share/dynamixel_sdk_custom_interfaces/srv/GetPosition_Response.msg
[1.155s] -- Up-to-date symlink: /home/ye24/turtlebot3_ws/install/dynamixel_sdk_custom_interfaces/share/ament_index/resource_index/package_run_dependencies/dynamixel_sdk_custom_interfaces
[1.155s] -- Up-to-date symlink: /home/ye24/turtlebot3_ws/install/dynamixel_sdk_custom_interfaces/share/ament_index/resource_index/parent_prefix_path/dynamixel_sdk_custom_interfaces
[1.155s] -- Up-to-date symlink: /home/ye24/turtlebot3_ws/install/dynamixel_sdk_custom_interfaces/share/dynamixel_sdk_custom_interfaces/environment/ament_prefix_path.sh
[1.155s] -- Up-to-date symlink: /home/ye24/turtlebot3_ws/install/dynamixel_sdk_custom_interfaces/share/dynamixel_sdk_custom_interfaces/environment/ament_prefix_path.dsv
[1.155s] -- Up-to-date symlink: /home/ye24/turtlebot3_ws/install/dynamixel_sdk_custom_interfaces/share/dynamixel_sdk_custom_interfaces/environment/path.sh
[1.155s] -- Up-to-date symlink: /home/ye24/turtlebot3_ws/install/dynamixel_sdk_custom_interfaces/share/dynamixel_sdk_custom_interfaces/environment/path.dsv
[1.156s] -- Up-to-date symlink: /home/ye24/turtlebot3_ws/install/dynamixel_sdk_custom_interfaces/share/dynamixel_sdk_custom_interfaces/local_setup.bash
[1.156s] -- Up-to-date symlink: /home/ye24/turtlebot3_ws/install/dynamixel_sdk_custom_interfaces/share/dynamixel_sdk_custom_interfaces/local_setup.sh
[1.156s] -- Up-to-date symlink: /home/ye24/turtlebot3_ws/install/dynamixel_sdk_custom_interfaces/share/dynamixel_sdk_custom_interfaces/local_setup.zsh
[1.156s] -- Up-to-date symlink: /home/ye24/turtlebot3_ws/install/dynamixel_sdk_custom_interfaces/share/dynamixel_sdk_custom_interfaces/local_setup.dsv
[1.156s] -- Symlinking: /home/ye24/turtlebot3_ws/install/dynamixel_sdk_custom_interfaces/share/dynamixel_sdk_custom_interfaces/package.dsv
[1.156s] -- Up-to-date symlink: /home/ye24/turtlebot3_ws/install/dynamixel_sdk_custom_interfaces/share/ament_index/resource_index/packages/dynamixel_sdk_custom_interfaces
[1.156s] -- Up-to-date symlink: /home/ye24/turtlebot3_ws/install/dynamixel_sdk_custom_interfaces/share/dynamixel_sdk_custom_interfaces/cmake/rosidl_cmake-extras.cmake
[1.156s] -- Up-to-date symlink: /home/ye24/turtlebot3_ws/install/dynamixel_sdk_custom_interfaces/share/dynamixel_sdk_custom_interfaces/cmake/ament_cmake_export_dependencies-extras.cmake
[1.156s] -- Up-to-date symlink: /home/ye24/turtlebot3_ws/install/dynamixel_sdk_custom_interfaces/share/dynamixel_sdk_custom_interfaces/cmake/ament_cmake_export_include_directories-extras.cmake
[1.156s] -- Up-to-date symlink: /home/ye24/turtlebot3_ws/install/dynamixel_sdk_custom_interfaces/share/dynamixel_sdk_custom_interfaces/cmake/ament_cmake_export_libraries-extras.cmake
[1.156s] -- Up-to-date symlink: /home/ye24/turtlebot3_ws/install/dynamixel_sdk_custom_interfaces/share/dynamixel_sdk_custom_interfaces/cmake/ament_cmake_export_targets-extras.cmake
[1.156s] -- Up-to-date symlink: /home/ye24/turtlebot3_ws/install/dynamixel_sdk_custom_interfaces/share/dynamixel_sdk_custom_interfaces/cmake/rosidl_cmake_export_typesupport_targets-extras.cmake
[1.157s] -- Up-to-date symlink: /home/ye24/turtlebot3_ws/install/dynamixel_sdk_custom_interfaces/share/dynamixel_sdk_custom_interfaces/cmake/rosidl_cmake_export_typesupport_libraries-extras.cmake
[1.157s] -- Up-to-date symlink: /home/ye24/turtlebot3_ws/install/dynamixel_sdk_custom_interfaces/share/dynamixel_sdk_custom_interfaces/cmake/dynamixel_sdk_custom_interfacesConfig.cmake
[1.157s] -- Up-to-date symlink: /home/ye24/turtlebot3_ws/install/dynamixel_sdk_custom_interfaces/share/dynamixel_sdk_custom_interfaces/cmake/dynamixel_sdk_custom_interfacesConfig-version.cmake
[1.157s] -- Up-to-date symlink: /home/ye24/turtlebot3_ws/install/dynamixel_sdk_custom_interfaces/share/dynamixel_sdk_custom_interfaces/package.xml
[1.157s] -- Up-to-date: /home/ye24/turtlebot3_ws/install/dynamixel_sdk_custom_interfaces/lib/libdynamixel_sdk_custom_interfaces__rosidl_generator_c.so
[1.157s] -- Up-to-date: /home/ye24/turtlebot3_ws/install/dynamixel_sdk_custom_interfaces/lib/libdynamixel_sdk_custom_interfaces__rosidl_typesupport_fastrtps_c.so
[1.157s] -- Up-to-date: /home/ye24/turtlebot3_ws/install/dynamixel_sdk_custom_interfaces/lib/libdynamixel_sdk_custom_interfaces__rosidl_typesupport_fastrtps_cpp.so
[1.158s] -- Up-to-date: /home/ye24/turtlebot3_ws/install/dynamixel_sdk_custom_interfaces/lib/libdynamixel_sdk_custom_interfaces__rosidl_typesupport_introspection_c.so
[1.158s] -- Up-to-date: /home/ye24/turtlebot3_ws/install/dynamixel_sdk_custom_interfaces/lib/libdynamixel_sdk_custom_interfaces__rosidl_typesupport_c.so
[1.158s] -- Up-to-date: /home/ye24/turtlebot3_ws/install/dynamixel_sdk_custom_interfaces/lib/libdynamixel_sdk_custom_interfaces__rosidl_typesupport_introspection_cpp.so
[1.158s] -- Up-to-date: /home/ye24/turtlebot3_ws/install/dynamixel_sdk_custom_interfaces/lib/libdynamixel_sdk_custom_interfaces__rosidl_typesupport_cpp.so
[1.158s] Listing '/home/ye24/turtlebot3_ws/install/dynamixel_sdk_custom_interfaces/local/lib/python3.10/dist-packages/dynamixel_sdk_custom_interfaces'...
[1.158s] Listing '/home/ye24/turtlebot3_ws/install/dynamixel_sdk_custom_interfaces/local/lib/python3.10/dist-packages/dynamixel_sdk_custom_interfaces/msg'...
[1.158s] Listing '/home/ye24/turtlebot3_ws/install/dynamixel_sdk_custom_interfaces/local/lib/python3.10/dist-packages/dynamixel_sdk_custom_interfaces/srv'...
[1.159s] -- Up-to-date: /home/ye24/turtlebot3_ws/install/dynamixel_sdk_custom_interfaces/lib/libdynamixel_sdk_custom_interfaces__rosidl_generator_py.so
[1.159s] -- Up-to-date: /home/ye24/turtlebot3_ws/install/dynamixel_sdk_custom_interfaces/share/dynamixel_sdk_custom_interfaces/cmake/export_dynamixel_sdk_custom_interfaces__rosidl_generator_cExport.cmake
[1.159s] -- Up-to-date: /home/ye24/turtlebot3_ws/install/dynamixel_sdk_custom_interfaces/share/dynamixel_sdk_custom_interfaces/cmake/export_dynamixel_sdk_custom_interfaces__rosidl_generator_cExport-noconfig.cmake
[1.159s] -- Up-to-date: /home/ye24/turtlebot3_ws/install/dynamixel_sdk_custom_interfaces/share/dynamixel_sdk_custom_interfaces/cmake/export_dynamixel_sdk_custom_interfaces__rosidl_typesupport_fastrtps_cExport.cmake
[1.159s] -- Up-to-date: /home/ye24/turtlebot3_ws/install/dynamixel_sdk_custom_interfaces/share/dynamixel_sdk_custom_interfaces/cmake/export_dynamixel_sdk_custom_interfaces__rosidl_typesupport_fastrtps_cExport-noconfig.cmake
[1.159s] -- Up-to-date: /home/ye24/turtlebot3_ws/install/dynamixel_sdk_custom_interfaces/share/dynamixel_sdk_custom_interfaces/cmake/export_dynamixel_sdk_custom_interfaces__rosidl_generator_cppExport.cmake
[1.159s] -- Up-to-date: /home/ye24/turtlebot3_ws/install/dynamixel_sdk_custom_interfaces/share/dynamixel_sdk_custom_interfaces/cmake/export_dynamixel_sdk_custom_interfaces__rosidl_typesupport_fastrtps_cppExport.cmake
[1.160s] -- Up-to-date: /home/ye24/turtlebot3_ws/install/dynamixel_sdk_custom_interfaces/share/dynamixel_sdk_custom_interfaces/cmake/export_dynamixel_sdk_custom_interfaces__rosidl_typesupport_fastrtps_cppExport-noconfig.cmake
[1.160s] -- Up-to-date: /home/ye24/turtlebot3_ws/install/dynamixel_sdk_custom_interfaces/share/dynamixel_sdk_custom_interfaces/cmake/dynamixel_sdk_custom_interfaces__rosidl_typesupport_introspection_cExport.cmake
[1.160s] -- Up-to-date: /home/ye24/turtlebot3_ws/install/dynamixel_sdk_custom_interfaces/share/dynamixel_sdk_custom_interfaces/cmake/dynamixel_sdk_custom_interfaces__rosidl_typesupport_introspection_cExport-noconfig.cmake
[1.160s] -- Up-to-date: /home/ye24/turtlebot3_ws/install/dynamixel_sdk_custom_interfaces/share/dynamixel_sdk_custom_interfaces/cmake/dynamixel_sdk_custom_interfaces__rosidl_typesupport_cExport.cmake
[1.160s] -- Up-to-date: /home/ye24/turtlebot3_ws/install/dynamixel_sdk_custom_interfaces/share/dynamixel_sdk_custom_interfaces/cmake/dynamixel_sdk_custom_interfaces__rosidl_typesupport_cExport-noconfig.cmake
[1.160s] -- Up-to-date: /home/ye24/turtlebot3_ws/install/dynamixel_sdk_custom_interfaces/share/dynamixel_sdk_custom_interfaces/cmake/dynamixel_sdk_custom_interfaces__rosidl_typesupport_introspection_cppExport.cmake
[1.160s] -- Up-to-date: /home/ye24/turtlebot3_ws/install/dynamixel_sdk_custom_interfaces/share/dynamixel_sdk_custom_interfaces/cmake/dynamixel_sdk_custom_interfaces__rosidl_typesupport_introspection_cppExport-noconfig.cmake
[1.161s] -- Up-to-date: /home/ye24/turtlebot3_ws/install/dynamixel_sdk_custom_interfaces/share/dynamixel_sdk_custom_interfaces/cmake/dynamixel_sdk_custom_interfaces__rosidl_typesupport_cppExport.cmake
[1.161s] -- Up-to-date: /home/ye24/turtlebot3_ws/install/dynamixel_sdk_custom_interfaces/share/dynamixel_sdk_custom_interfaces/cmake/dynamixel_sdk_custom_interfaces__rosidl_typesupport_cppExport-noconfig.cmake
[1.161s] -- Up-to-date: /home/ye24/turtlebot3_ws/install/dynamixel_sdk_custom_interfaces/share/dynamixel_sdk_custom_interfaces/cmake/export_dynamixel_sdk_custom_interfaces__rosidl_generator_pyExport.cmake
[1.161s] -- Up-to-date: /home/ye24/turtlebot3_ws/install/dynamixel_sdk_custom_interfaces/share/dynamixel_sdk_custom_interfaces/cmake/export_dynamixel_sdk_custom_interfaces__rosidl_generator_pyExport-noconfig.cmake
[1.346s] Invoked command in '/home/ye24/turtlebot3_ws/build/dynamixel_sdk_custom_interfaces' returned '0': CMAKE_PREFIX_PATH=/home/ye24/turtlebot3_ws/install/turtlebot3:/home/ye24/turtlebot3_ws/install/turtlebot3_bringup:/home/ye24/turtlebot3_ws/install/turtlebot3_node:/home/ye24/turtlebot3_ws/install/turtlebot3_navigation2:/home/ye24/turtlebot3_ws/install/turtlebot3_msgs:/home/ye24/turtlebot3_ws/install/turtlebot3_description:/home/ye24/turtlebot3_ws/install/turtlebot3_cartographer:/home/ye24/turtlebot3_ws/install/my_turtlebot3_control:/home/ye24/turtlebot3_ws/install/dynamixel_sdk_examples:/home/ye24/turtlebot3_ws/install/dynamixel_sdk_custom_interfaces:/home/ye24/turtlebot3_ws/install/dynamixel_sdk:/home/ye24/turtlebot3_ws/install/py_pubsub:/home/ye24/turtlebot3_ws/install/turtlebot3_teleop:/home/ye24/turtlebot3_ws/install/turtlebot3_example:/opt/ros/humble:/home/ye24/catkin_ws/src/turtlebot3/testautomation/devel:/home/ye24/catkin_ws/devel /usr/bin/cmake --install /home/ye24/turtlebot3_ws/build/dynamixel_sdk_custom_interfaces
