[0.925s] Invoking command in '/home/ye24/turtlebot3_ws/build/py_pubsub': PYTHONPATH=/home/ye24/turtlebot3_ws/build/py_pubsub/prefix_override:/home/ye24/turtlebot3_ws/install/py_pubsub/lib/python3.10/site-packages:${PYTHONPATH} /usr/bin/python3 setup.py develop --editable --build-directory /home/ye24/turtlebot3_ws/build/py_pubsub/build --no-deps install_data
[1.103s] running develop
[1.104s] /usr/lib/python3/dist-packages/setuptools/command/easy_install.py:158: EasyInstallDeprecationWarning: easy_install command is deprecated. Use build and pip and other standards-based tools.
[1.104s]   warnings.warn(
[1.104s] /usr/lib/python3/dist-packages/setuptools/command/install.py:34: SetuptoolsDeprecationWarning: setup.py install is deprecated. Use build and pip and other standards-based tools.
[1.105s]   warnings.warn(
[1.199s] running egg_info
[1.199s] writing py_pubsub.egg-info/PKG-INFO
[1.199s] writing dependency_links to py_pubsub.egg-info/dependency_links.txt
[1.199s] writing entry points to py_pubsub.egg-info/entry_points.txt
[1.199s] writing requirements to py_pubsub.egg-info/requires.txt
[1.199s] writing top-level names to py_pubsub.egg-info/top_level.txt
[1.200s] reading manifest file 'py_pubsub.egg-info/SOURCES.txt'
[1.201s] writing manifest file 'py_pubsub.egg-info/SOURCES.txt'
[1.202s] running build_ext
[1.202s] Creating /home/ye24/turtlebot3_ws/install/py_pubsub/lib/python3.10/site-packages/py-pubsub.egg-link (link to .)
[1.202s] Installing maze script to /home/ye24/turtlebot3_ws/install/py_pubsub/lib/py_pubsub
[1.202s] Installing talker script to /home/ye24/turtlebot3_ws/install/py_pubsub/lib/py_pubsub
[1.202s] 
[1.202s] Installed /home/ye24/turtlebot3_ws/build/py_pubsub
[1.203s] running install_data
[1.336s] Invoked command in '/home/ye24/turtlebot3_ws/build/py_pubsub' returned '0': PYTHONPATH=/home/ye24/turtlebot3_ws/build/py_pubsub/prefix_override:/home/ye24/turtlebot3_ws/install/py_pubsub/lib/python3.10/site-packages:${PYTHONPATH} /usr/bin/python3 setup.py develop --editable --build-directory /home/ye24/turtlebot3_ws/build/py_pubsub/build --no-deps install_data
