[0.306s] Invoking command in '/home/ye24/turtlebot3_ws/build/dynamixel_sdk_custom_interfaces': CMAKE_PREFIX_PATH=/home/ye24/turtlebot3_ws/install/turtlebot3:/home/ye24/turtlebot3_ws/install/turtlebot3_simulations:/home/ye24/turtlebot3_ws/install/turtlebot3_bringup:/home/ye24/turtlebot3_ws/install/turtlebot3_node:/home/ye24/turtlebot3_ws/install/turtlebot3_navigation2:/home/ye24/turtlebot3_ws/install/turtlebot3_fake_node:/home/ye24/turtlebot3_ws/install/turtlebot3_msgs:/home/ye24/turtlebot3_ws/install/turtlebot3_gazebo:/home/ye24/turtlebot3_ws/install/turtlebot3_description:/home/ye24/turtlebot3_ws/install/turtlebot3_cartographer:/home/ye24/turtlebot3_ws/install/dynamixel_sdk_examples:/home/ye24/turtlebot3_ws/install/dynamixel_sdk_custom_interfaces:/home/ye24/turtlebot3_ws/install/dynamixel_sdk:/home/ye24/turtlebot3_ws/install/turtlebot3_teleop:/home/ye24/turtlebot3_ws/install/turtlebot3_example:/opt/ros/humble:/home/ye24/catkin_ws/src/turtlebot3/testautomation/devel:/home/ye24/catkin_ws/devel /usr/bin/cmake /home/ye24/turtlebot3_ws/src/DynamixelSDK/dynamixel_sdk_custom_interfaces -DAMENT_CMAKE_SYMLINK_INSTALL=1 -DCMAKE_INSTALL_PREFIX=/home/ye24/turtlebot3_ws/install/dynamixel_sdk_custom_interfaces
[0.350s] -- The C compiler identification is GNU 11.4.0
[0.390s] -- The CXX compiler identification is GNU 11.4.0
[0.396s] -- Detecting C compiler ABI info
[0.444s] -- Detecting C compiler ABI info - done
[0.453s] -- Check for working C compiler: /usr/bin/cc - skipped
[0.454s] -- Detecting C compile features
[0.454s] -- Detecting C compile features - done
[0.458s] -- Detecting CXX compiler ABI info
[0.518s] -- Detecting CXX compiler ABI info - done
[0.528s] -- Check for working CXX compiler: /usr/bin/c++ - skipped
[0.528s] -- Detecting CXX compile features
[0.529s] -- Detecting CXX compile features - done
[0.531s] -- Found ament_cmake: 1.3.5 (/opt/ros/humble/share/ament_cmake/cmake)
[0.685s] -- Found Python3: /usr/bin/python3.10 (found version "3.10.12") found components: Interpreter 
[0.748s] -- Override CMake install command with custom implementation using symlinks instead of copying resources
[0.777s] -- Found builtin_interfaces: 1.2.1 (/opt/ros/humble/share/builtin_interfaces/cmake)
[0.815s] -- Found rosidl_generator_c: 3.1.5 (/opt/ros/humble/share/rosidl_generator_c/cmake)
[0.822s] -- Found rosidl_adapter: 3.1.5 (/opt/ros/humble/share/rosidl_adapter/cmake)
[0.830s] -- Found rosidl_generator_cpp: 3.1.5 (/opt/ros/humble/share/rosidl_generator_cpp/cmake)
[0.844s] -- Using all available rosidl_typesupport_c: rosidl_typesupport_fastrtps_c;rosidl_typesupport_introspection_c
[0.869s] -- Using all available rosidl_typesupport_cpp: rosidl_typesupport_fastrtps_cpp;rosidl_typesupport_introspection_cpp
[0.895s] -- Found rosidl_default_generators: 1.2.0 (/opt/ros/humble/share/rosidl_default_generators/cmake)
[1.207s] -- Found ament_cmake_ros: 0.10.0 (/opt/ros/humble/share/ament_cmake_ros/cmake)
[1.485s] -- Using all available rosidl_typesupport_c: rosidl_typesupport_fastrtps_c;rosidl_typesupport_introspection_c
[1.570s] -- Using all available rosidl_typesupport_cpp: rosidl_typesupport_fastrtps_cpp;rosidl_typesupport_introspection_cpp
[1.587s] -- Found PythonInterp: /usr/bin/python3 (found suitable version "3.10.12", minimum required is "3.6") 
[1.589s] -- Found python_cmake_module: 0.10.0 (/opt/ros/humble/share/python_cmake_module/cmake)
[1.608s] -- Found PythonLibs: /usr/lib/x86_64-linux-gnu/libpython3.10.so (found suitable version "3.10.12", minimum required is "3.5") 
[1.608s] -- Using PYTHON_EXECUTABLE: /usr/bin/python3
[1.608s] -- Using PYTHON_INCLUDE_DIRS: /usr/include/python3.10
[1.608s] -- Using PYTHON_LIBRARIES: /usr/lib/x86_64-linux-gnu/libpython3.10.so
[1.624s] -- Found PythonExtra: .so  
[1.661s] -- Configuring done
[1.683s] -- Generating done
[1.685s] -- Build files have been written to: /home/ye24/turtlebot3_ws/build/dynamixel_sdk_custom_interfaces
[1.690s] Invoked command in '/home/ye24/turtlebot3_ws/build/dynamixel_sdk_custom_interfaces' returned '0': CMAKE_PREFIX_PATH=/home/ye24/turtlebot3_ws/install/turtlebot3:/home/ye24/turtlebot3_ws/install/turtlebot3_simulations:/home/ye24/turtlebot3_ws/install/turtlebot3_bringup:/home/ye24/turtlebot3_ws/install/turtlebot3_node:/home/ye24/turtlebot3_ws/install/turtlebot3_navigation2:/home/ye24/turtlebot3_ws/install/turtlebot3_fake_node:/home/ye24/turtlebot3_ws/install/turtlebot3_msgs:/home/ye24/turtlebot3_ws/install/turtlebot3_gazebo:/home/ye24/turtlebot3_ws/install/turtlebot3_description:/home/ye24/turtlebot3_ws/install/turtlebot3_cartographer:/home/ye24/turtlebot3_ws/install/dynamixel_sdk_examples:/home/ye24/turtlebot3_ws/install/dynamixel_sdk_custom_interfaces:/home/ye24/turtlebot3_ws/install/dynamixel_sdk:/home/ye24/turtlebot3_ws/install/turtlebot3_teleop:/home/ye24/turtlebot3_ws/install/turtlebot3_example:/opt/ros/humble:/home/ye24/catkin_ws/src/turtlebot3/testautomation/devel:/home/ye24/catkin_ws/devel /usr/bin/cmake /home/ye24/turtlebot3_ws/src/DynamixelSDK/dynamixel_sdk_custom_interfaces -DAMENT_CMAKE_SYMLINK_INSTALL=1 -DCMAKE_INSTALL_PREFIX=/home/ye24/turtlebot3_ws/install/dynamixel_sdk_custom_interfaces
[1.691s] Invoking command in '/home/ye24/turtlebot3_ws/build/dynamixel_sdk_custom_interfaces': CMAKE_PREFIX_PATH=/home/ye24/turtlebot3_ws/install/turtlebot3:/home/ye24/turtlebot3_ws/install/turtlebot3_simulations:/home/ye24/turtlebot3_ws/install/turtlebot3_bringup:/home/ye24/turtlebot3_ws/install/turtlebot3_node:/home/ye24/turtlebot3_ws/install/turtlebot3_navigation2:/home/ye24/turtlebot3_ws/install/turtlebot3_fake_node:/home/ye24/turtlebot3_ws/install/turtlebot3_msgs:/home/ye24/turtlebot3_ws/install/turtlebot3_gazebo:/home/ye24/turtlebot3_ws/install/turtlebot3_description:/home/ye24/turtlebot3_ws/install/turtlebot3_cartographer:/home/ye24/turtlebot3_ws/install/dynamixel_sdk_examples:/home/ye24/turtlebot3_ws/install/dynamixel_sdk_custom_interfaces:/home/ye24/turtlebot3_ws/install/dynamixel_sdk:/home/ye24/turtlebot3_ws/install/turtlebot3_teleop:/home/ye24/turtlebot3_ws/install/turtlebot3_example:/opt/ros/humble:/home/ye24/catkin_ws/src/turtlebot3/testautomation/devel:/home/ye24/catkin_ws/devel /usr/bin/cmake --build /home/ye24/turtlebot3_ws/build/dynamixel_sdk_custom_interfaces -- -j12 -l12
[1.717s] [  2%] [34m[1mGenerating C code for ROS interfaces[0m
[1.723s] [  5%] [34m[1mGenerating C++ code for ROS interfaces[0m
[1.729s] [  5%] Built target ament_cmake_python_symlink_dynamixel_sdk_custom_interfaces
[1.927s] running egg_info
[1.927s] creating dynamixel_sdk_custom_interfaces.egg-info
[1.927s] writing dynamixel_sdk_custom_interfaces.egg-info/PKG-INFO
[1.927s] writing dependency_links to dynamixel_sdk_custom_interfaces.egg-info/dependency_links.txt
[1.927s] writing top-level names to dynamixel_sdk_custom_interfaces.egg-info/top_level.txt
[1.928s] writing manifest file 'dynamixel_sdk_custom_interfaces.egg-info/SOURCES.txt'
[1.929s] reading manifest file 'dynamixel_sdk_custom_interfaces.egg-info/SOURCES.txt'
[1.929s] writing manifest file 'dynamixel_sdk_custom_interfaces.egg-info/SOURCES.txt'
[1.946s] [  5%] Built target ament_cmake_python_build_dynamixel_sdk_custom_interfaces_egg
[1.988s] [  5%] Built target dynamixel_sdk_custom_interfaces__cpp
[1.993s] [  7%] [34m[1mGenerating C++ type support for eProsima Fast-RTPS[0m
[1.994s] [ 10%] [34m[1mGenerating C++ type support dispatch for ROS interfaces[0m
[1.995s] [ 12%] [34m[1mGenerating C++ introspection for ROS interfaces[0m
[1.998s] [ 15%] [32mBuilding C object CMakeFiles/dynamixel_sdk_custom_interfaces__rosidl_generator_c.dir/rosidl_generator_c/dynamixel_sdk_custom_interfaces/msg/detail/set_position__functions.c.o[0m
[2.000s] [ 17%] [32mBuilding C object CMakeFiles/dynamixel_sdk_custom_interfaces__rosidl_generator_c.dir/rosidl_generator_c/dynamixel_sdk_custom_interfaces/srv/detail/get_position__functions.c.o[0m
[2.041s] [ 20%] [32m[1mLinking C shared library libdynamixel_sdk_custom_interfaces__rosidl_generator_c.so[0m
[2.076s] [ 20%] Built target dynamixel_sdk_custom_interfaces__rosidl_generator_c
[2.086s] [ 23%] [34m[1mGenerating C type support dispatch for ROS interfaces[0m
[2.088s] [ 25%] [34m[1mGenerating C type support for eProsima Fast-RTPS[0m
[2.089s] [ 28%] [34m[1mGenerating C introspection for ROS interfaces[0m
[2.243s] [ 33%] [32mBuilding CXX object CMakeFiles/dynamixel_sdk_custom_interfaces__rosidl_typesupport_cpp.dir/rosidl_typesupport_cpp/dynamixel_sdk_custom_interfaces/msg/set_position__type_support.cpp.o[0m
[2.243s] [ 33%] [32mBuilding CXX object CMakeFiles/dynamixel_sdk_custom_interfaces__rosidl_typesupport_cpp.dir/rosidl_typesupport_cpp/dynamixel_sdk_custom_interfaces/srv/get_position__type_support.cpp.o[0m
[2.285s] [ 38%] [32mBuilding CXX object CMakeFiles/dynamixel_sdk_custom_interfaces__rosidl_typesupport_introspection_cpp.dir/rosidl_typesupport_introspection_cpp/dynamixel_sdk_custom_interfaces/srv/detail/get_position__type_support.cpp.o[0m
[2.285s] [ 38%] [32mBuilding CXX object CMakeFiles/dynamixel_sdk_custom_interfaces__rosidl_typesupport_introspection_cpp.dir/rosidl_typesupport_introspection_cpp/dynamixel_sdk_custom_interfaces/msg/detail/set_position__type_support.cpp.o[0m
[2.343s] [ 41%] [32mBuilding CXX object CMakeFiles/dynamixel_sdk_custom_interfaces__rosidl_typesupport_fastrtps_cpp.dir/rosidl_typesupport_fastrtps_cpp/dynamixel_sdk_custom_interfaces/msg/detail/dds_fastrtps/set_position__type_support.cpp.o[0m
[2.346s] [ 43%] [32mBuilding CXX object CMakeFiles/dynamixel_sdk_custom_interfaces__rosidl_typesupport_fastrtps_cpp.dir/rosidl_typesupport_fastrtps_cpp/dynamixel_sdk_custom_interfaces/srv/detail/dds_fastrtps/get_position__type_support.cpp.o[0m
[2.347s] [ 46%] [32mBuilding CXX object CMakeFiles/dynamixel_sdk_custom_interfaces__rosidl_typesupport_c.dir/rosidl_typesupport_c/dynamixel_sdk_custom_interfaces/msg/set_position__type_support.cpp.o[0m
[2.353s] [ 48%] [32mBuilding CXX object CMakeFiles/dynamixel_sdk_custom_interfaces__rosidl_typesupport_c.dir/rosidl_typesupport_c/dynamixel_sdk_custom_interfaces/srv/get_position__type_support.cpp.o[0m
[2.386s] [ 51%] [32m[1mLinking CXX shared library libdynamixel_sdk_custom_interfaces__rosidl_typesupport_c.so[0m
[2.437s] [ 51%] Built target dynamixel_sdk_custom_interfaces__rosidl_typesupport_c
[2.474s] [ 53%] [32mBuilding C object CMakeFiles/dynamixel_sdk_custom_interfaces__rosidl_typesupport_introspection_c.dir/rosidl_typesupport_introspection_c/dynamixel_sdk_custom_interfaces/msg/detail/set_position__type_support.c.o[0m
[2.474s] [ 56%] [32mBuilding C object CMakeFiles/dynamixel_sdk_custom_interfaces__rosidl_typesupport_introspection_c.dir/rosidl_typesupport_introspection_c/dynamixel_sdk_custom_interfaces/srv/detail/get_position__type_support.c.o[0m
[2.480s] [ 58%] [32mBuilding CXX object CMakeFiles/dynamixel_sdk_custom_interfaces__rosidl_typesupport_fastrtps_c.dir/rosidl_typesupport_fastrtps_c/dynamixel_sdk_custom_interfaces/srv/detail/get_position__type_support_c.cpp.o[0m
[2.481s] [ 61%] [32mBuilding CXX object CMakeFiles/dynamixel_sdk_custom_interfaces__rosidl_typesupport_fastrtps_c.dir/rosidl_typesupport_fastrtps_c/dynamixel_sdk_custom_interfaces/msg/detail/set_position__type_support_c.cpp.o[0m
[2.514s] [ 64%] [32m[1mLinking C shared library libdynamixel_sdk_custom_interfaces__rosidl_typesupport_introspection_c.so[0m
[2.527s] [ 66%] [32m[1mLinking CXX shared library libdynamixel_sdk_custom_interfaces__rosidl_typesupport_cpp.so[0m
[2.536s] [ 66%] Built target dynamixel_sdk_custom_interfaces__rosidl_typesupport_introspection_c
[2.557s] [ 66%] Built target dynamixel_sdk_custom_interfaces__rosidl_typesupport_cpp
[2.630s] [ 69%] [32m[1mLinking CXX shared library libdynamixel_sdk_custom_interfaces__rosidl_typesupport_introspection_cpp.so[0m
[2.659s] [ 69%] Built target dynamixel_sdk_custom_interfaces__rosidl_typesupport_introspection_cpp
[2.730s] [ 71%] [32m[1mLinking CXX shared library libdynamixel_sdk_custom_interfaces__rosidl_typesupport_fastrtps_cpp.so[0m
[2.759s] [ 74%] [32m[1mLinking CXX shared library libdynamixel_sdk_custom_interfaces__rosidl_typesupport_fastrtps_c.so[0m
[2.780s] [ 74%] Built target dynamixel_sdk_custom_interfaces__rosidl_typesupport_fastrtps_cpp
[2.809s] [ 74%] Built target dynamixel_sdk_custom_interfaces__rosidl_typesupport_fastrtps_c
[2.821s] [ 74%] Built target dynamixel_sdk_custom_interfaces
[2.833s] [ 76%] [34m[1mGenerating Python code for ROS interfaces[0m
[3.242s] [ 76%] Built target dynamixel_sdk_custom_interfaces__py
[3.257s] [ 79%] [32mBuilding C object CMakeFiles/dynamixel_sdk_custom_interfaces__rosidl_generator_py.dir/rosidl_generator_py/dynamixel_sdk_custom_interfaces/srv/_get_position_s.c.o[0m
[3.258s] [ 82%] [32mBuilding C object CMakeFiles/dynamixel_sdk_custom_interfaces__rosidl_generator_py.dir/rosidl_generator_py/dynamixel_sdk_custom_interfaces/msg/_set_position_s.c.o[0m
[3.361s] [ 84%] [32m[1mLinking C shared library rosidl_generator_py/dynamixel_sdk_custom_interfaces/libdynamixel_sdk_custom_interfaces__rosidl_generator_py.so[0m
[3.397s] [ 84%] Built target dynamixel_sdk_custom_interfaces__rosidl_generator_py
[3.412s] [ 87%] [32mBuilding C object CMakeFiles/dynamixel_sdk_custom_interfaces__rosidl_typesupport_introspection_c__pyext.dir/rosidl_generator_py/dynamixel_sdk_custom_interfaces/_dynamixel_sdk_custom_interfaces_s.ep.rosidl_typesupport_introspection_c.c.o[0m
[3.414s] [ 89%] [32mBuilding C object CMakeFiles/dynamixel_sdk_custom_interfaces__rosidl_typesupport_fastrtps_c__pyext.dir/rosidl_generator_py/dynamixel_sdk_custom_interfaces/_dynamixel_sdk_custom_interfaces_s.ep.rosidl_typesupport_fastrtps_c.c.o[0m
[3.417s] [ 92%] [32mBuilding C object CMakeFiles/dynamixel_sdk_custom_interfaces__rosidl_typesupport_c__pyext.dir/rosidl_generator_py/dynamixel_sdk_custom_interfaces/_dynamixel_sdk_custom_interfaces_s.ep.rosidl_typesupport_c.c.o[0m
[3.500s] [ 94%] [32m[1mLinking C shared library rosidl_generator_py/dynamixel_sdk_custom_interfaces/dynamixel_sdk_custom_interfaces_s__rosidl_typesupport_introspection_c.cpython-310-x86_64-linux-gnu.so[0m
[3.524s] [ 97%] [32m[1mLinking C shared library rosidl_generator_py/dynamixel_sdk_custom_interfaces/dynamixel_sdk_custom_interfaces_s__rosidl_typesupport_fastrtps_c.cpython-310-x86_64-linux-gnu.so[0m
[3.534s] [100%] [32m[1mLinking C shared library rosidl_generator_py/dynamixel_sdk_custom_interfaces/dynamixel_sdk_custom_interfaces_s__rosidl_typesupport_c.cpython-310-x86_64-linux-gnu.so[0m
[3.538s] [100%] Built target dynamixel_sdk_custom_interfaces__rosidl_typesupport_introspection_c__pyext
[3.551s] [100%] Built target dynamixel_sdk_custom_interfaces__rosidl_typesupport_fastrtps_c__pyext
[3.568s] [100%] Built target dynamixel_sdk_custom_interfaces__rosidl_typesupport_c__pyext
[3.576s] Invoked command in '/home/ye24/turtlebot3_ws/build/dynamixel_sdk_custom_interfaces' returned '0': CMAKE_PREFIX_PATH=/home/ye24/turtlebot3_ws/install/turtlebot3:/home/ye24/turtlebot3_ws/install/turtlebot3_simulations:/home/ye24/turtlebot3_ws/install/turtlebot3_bringup:/home/ye24/turtlebot3_ws/install/turtlebot3_node:/home/ye24/turtlebot3_ws/install/turtlebot3_navigation2:/home/ye24/turtlebot3_ws/install/turtlebot3_fake_node:/home/ye24/turtlebot3_ws/install/turtlebot3_msgs:/home/ye24/turtlebot3_ws/install/turtlebot3_gazebo:/home/ye24/turtlebot3_ws/install/turtlebot3_description:/home/ye24/turtlebot3_ws/install/turtlebot3_cartographer:/home/ye24/turtlebot3_ws/install/dynamixel_sdk_examples:/home/ye24/turtlebot3_ws/install/dynamixel_sdk_custom_interfaces:/home/ye24/turtlebot3_ws/install/dynamixel_sdk:/home/ye24/turtlebot3_ws/install/turtlebot3_teleop:/home/ye24/turtlebot3_ws/install/turtlebot3_example:/opt/ros/humble:/home/ye24/catkin_ws/src/turtlebot3/testautomation/devel:/home/ye24/catkin_ws/devel /usr/bin/cmake --build /home/ye24/turtlebot3_ws/build/dynamixel_sdk_custom_interfaces -- -j12 -l12
[3.624s] Invoking command in '/home/ye24/turtlebot3_ws/build/dynamixel_sdk_custom_interfaces': CMAKE_PREFIX_PATH=/home/ye24/turtlebot3_ws/install/turtlebot3:/home/ye24/turtlebot3_ws/install/turtlebot3_simulations:/home/ye24/turtlebot3_ws/install/turtlebot3_bringup:/home/ye24/turtlebot3_ws/install/turtlebot3_node:/home/ye24/turtlebot3_ws/install/turtlebot3_navigation2:/home/ye24/turtlebot3_ws/install/turtlebot3_fake_node:/home/ye24/turtlebot3_ws/install/turtlebot3_msgs:/home/ye24/turtlebot3_ws/install/turtlebot3_gazebo:/home/ye24/turtlebot3_ws/install/turtlebot3_description:/home/ye24/turtlebot3_ws/install/turtlebot3_cartographer:/home/ye24/turtlebot3_ws/install/dynamixel_sdk_examples:/home/ye24/turtlebot3_ws/install/dynamixel_sdk_custom_interfaces:/home/ye24/turtlebot3_ws/install/dynamixel_sdk:/home/ye24/turtlebot3_ws/install/turtlebot3_teleop:/home/ye24/turtlebot3_ws/install/turtlebot3_example:/opt/ros/humble:/home/ye24/catkin_ws/src/turtlebot3/testautomation/devel:/home/ye24/catkin_ws/devel /usr/bin/cmake --install /home/ye24/turtlebot3_ws/build/dynamixel_sdk_custom_interfaces
[3.630s] -- Install configuration: ""
[3.630s] -- Execute custom install script
[3.630s] -- Symlinking: /home/ye24/turtlebot3_ws/install/dynamixel_sdk_custom_interfaces/share/ament_index/resource_index/rosidl_interfaces/dynamixel_sdk_custom_interfaces
[3.636s] -- Symlinking: /home/ye24/turtlebot3_ws/install/dynamixel_sdk_custom_interfaces/include/dynamixel_sdk_custom_interfaces/dynamixel_sdk_custom_interfaces/msg/detail/set_position__functions.h
[3.641s] -- Symlinking: /home/ye24/turtlebot3_ws/install/dynamixel_sdk_custom_interfaces/include/dynamixel_sdk_custom_interfaces/dynamixel_sdk_custom_interfaces/msg/detail/set_position__struct.h
[3.648s] -- Symlinking: /home/ye24/turtlebot3_ws/install/dynamixel_sdk_custom_interfaces/include/dynamixel_sdk_custom_interfaces/dynamixel_sdk_custom_interfaces/msg/detail/set_position__type_support.h
[3.654s] -- Symlinking: /home/ye24/turtlebot3_ws/install/dynamixel_sdk_custom_interfaces/include/dynamixel_sdk_custom_interfaces/dynamixel_sdk_custom_interfaces/msg/rosidl_generator_c__visibility_control.h
[3.663s] -- Symlinking: /home/ye24/turtlebot3_ws/install/dynamixel_sdk_custom_interfaces/include/dynamixel_sdk_custom_interfaces/dynamixel_sdk_custom_interfaces/msg/set_position.h
[3.668s] -- Symlinking: /home/ye24/turtlebot3_ws/install/dynamixel_sdk_custom_interfaces/include/dynamixel_sdk_custom_interfaces/dynamixel_sdk_custom_interfaces/srv/detail/get_position__functions.h
[3.678s] -- Symlinking: /home/ye24/turtlebot3_ws/install/dynamixel_sdk_custom_interfaces/include/dynamixel_sdk_custom_interfaces/dynamixel_sdk_custom_interfaces/srv/detail/get_position__struct.h
[3.687s] -- Symlinking: /home/ye24/turtlebot3_ws/install/dynamixel_sdk_custom_interfaces/include/dynamixel_sdk_custom_interfaces/dynamixel_sdk_custom_interfaces/srv/detail/get_position__type_support.h
[3.695s] -- Symlinking: /home/ye24/turtlebot3_ws/install/dynamixel_sdk_custom_interfaces/include/dynamixel_sdk_custom_interfaces/dynamixel_sdk_custom_interfaces/srv/get_position.h
[3.702s] -- Symlinking: /home/ye24/turtlebot3_ws/install/dynamixel_sdk_custom_interfaces/share/dynamixel_sdk_custom_interfaces/environment/library_path.sh
[3.709s] -- Symlinking: /home/ye24/turtlebot3_ws/install/dynamixel_sdk_custom_interfaces/share/dynamixel_sdk_custom_interfaces/environment/library_path.dsv
[3.717s] -- Symlinking: /home/ye24/turtlebot3_ws/install/dynamixel_sdk_custom_interfaces/include/dynamixel_sdk_custom_interfaces/dynamixel_sdk_custom_interfaces/msg/detail/set_position__rosidl_typesupport_fastrtps_c.h
[3.730s] -- Symlinking: /home/ye24/turtlebot3_ws/install/dynamixel_sdk_custom_interfaces/include/dynamixel_sdk_custom_interfaces/dynamixel_sdk_custom_interfaces/msg/rosidl_typesupport_fastrtps_c__visibility_control.h
[3.737s] -- Symlinking: /home/ye24/turtlebot3_ws/install/dynamixel_sdk_custom_interfaces/include/dynamixel_sdk_custom_interfaces/dynamixel_sdk_custom_interfaces/srv/detail/get_position__rosidl_typesupport_fastrtps_c.h
[3.745s] -- Symlinking: /home/ye24/turtlebot3_ws/install/dynamixel_sdk_custom_interfaces/include/dynamixel_sdk_custom_interfaces/dynamixel_sdk_custom_interfaces/msg/detail/set_position__builder.hpp
[3.752s] -- Symlinking: /home/ye24/turtlebot3_ws/install/dynamixel_sdk_custom_interfaces/include/dynamixel_sdk_custom_interfaces/dynamixel_sdk_custom_interfaces/msg/detail/set_position__struct.hpp
[3.759s] -- Symlinking: /home/ye24/turtlebot3_ws/install/dynamixel_sdk_custom_interfaces/include/dynamixel_sdk_custom_interfaces/dynamixel_sdk_custom_interfaces/msg/detail/set_position__traits.hpp
[3.770s] -- Symlinking: /home/ye24/turtlebot3_ws/install/dynamixel_sdk_custom_interfaces/include/dynamixel_sdk_custom_interfaces/dynamixel_sdk_custom_interfaces/msg/set_position.hpp
[3.777s] -- Symlinking: /home/ye24/turtlebot3_ws/install/dynamixel_sdk_custom_interfaces/include/dynamixel_sdk_custom_interfaces/dynamixel_sdk_custom_interfaces/srv/detail/get_position__builder.hpp
[3.785s] -- Symlinking: /home/ye24/turtlebot3_ws/install/dynamixel_sdk_custom_interfaces/include/dynamixel_sdk_custom_interfaces/dynamixel_sdk_custom_interfaces/srv/detail/get_position__struct.hpp
[3.812s] -- Symlinking: /home/ye24/turtlebot3_ws/install/dynamixel_sdk_custom_interfaces/include/dynamixel_sdk_custom_interfaces/dynamixel_sdk_custom_interfaces/srv/detail/get_position__traits.hpp
[3.825s] -- Symlinking: /home/ye24/turtlebot3_ws/install/dynamixel_sdk_custom_interfaces/include/dynamixel_sdk_custom_interfaces/dynamixel_sdk_custom_interfaces/srv/get_position.hpp
[3.840s] -- Symlinking: /home/ye24/turtlebot3_ws/install/dynamixel_sdk_custom_interfaces/include/dynamixel_sdk_custom_interfaces/dynamixel_sdk_custom_interfaces/msg/detail/set_position__rosidl_typesupport_fastrtps_cpp.hpp
[3.856s] -- Symlinking: /home/ye24/turtlebot3_ws/install/dynamixel_sdk_custom_interfaces/include/dynamixel_sdk_custom_interfaces/dynamixel_sdk_custom_interfaces/msg/rosidl_typesupport_fastrtps_cpp__visibility_control.h
[3.870s] -- Symlinking: /home/ye24/turtlebot3_ws/install/dynamixel_sdk_custom_interfaces/include/dynamixel_sdk_custom_interfaces/dynamixel_sdk_custom_interfaces/srv/detail/get_position__rosidl_typesupport_fastrtps_cpp.hpp
[3.884s] -- Symlinking: /home/ye24/turtlebot3_ws/install/dynamixel_sdk_custom_interfaces/include/dynamixel_sdk_custom_interfaces/dynamixel_sdk_custom_interfaces/msg/detail/set_position__rosidl_typesupport_introspection_c.h
[3.894s] -- Symlinking: /home/ye24/turtlebot3_ws/install/dynamixel_sdk_custom_interfaces/include/dynamixel_sdk_custom_interfaces/dynamixel_sdk_custom_interfaces/msg/rosidl_typesupport_introspection_c__visibility_control.h
[3.909s] -- Symlinking: /home/ye24/turtlebot3_ws/install/dynamixel_sdk_custom_interfaces/include/dynamixel_sdk_custom_interfaces/dynamixel_sdk_custom_interfaces/srv/detail/get_position__rosidl_typesupport_introspection_c.h
[3.919s] -- Symlinking: /home/ye24/turtlebot3_ws/install/dynamixel_sdk_custom_interfaces/include/dynamixel_sdk_custom_interfaces/dynamixel_sdk_custom_interfaces/msg/detail/set_position__rosidl_typesupport_introspection_cpp.hpp
[3.928s] -- Symlinking: /home/ye24/turtlebot3_ws/install/dynamixel_sdk_custom_interfaces/include/dynamixel_sdk_custom_interfaces/dynamixel_sdk_custom_interfaces/srv/detail/get_position__rosidl_typesupport_introspection_cpp.hpp
[3.942s] -- Symlinking: /home/ye24/turtlebot3_ws/install/dynamixel_sdk_custom_interfaces/share/dynamixel_sdk_custom_interfaces/environment/pythonpath.sh
[3.950s] -- Symlinking: /home/ye24/turtlebot3_ws/install/dynamixel_sdk_custom_interfaces/share/dynamixel_sdk_custom_interfaces/environment/pythonpath.dsv
[3.961s] -- Symlinking: /home/ye24/turtlebot3_ws/install/dynamixel_sdk_custom_interfaces/local/lib/python3.10/dist-packages/dynamixel_sdk_custom_interfaces-3.7.60-py3.10.egg-info/PKG-INFO
[3.973s] -- Symlinking: /home/ye24/turtlebot3_ws/install/dynamixel_sdk_custom_interfaces/local/lib/python3.10/dist-packages/dynamixel_sdk_custom_interfaces-3.7.60-py3.10.egg-info/SOURCES.txt
[3.982s] -- Symlinking: /home/ye24/turtlebot3_ws/install/dynamixel_sdk_custom_interfaces/local/lib/python3.10/dist-packages/dynamixel_sdk_custom_interfaces-3.7.60-py3.10.egg-info/dependency_links.txt
[3.990s] -- Symlinking: /home/ye24/turtlebot3_ws/install/dynamixel_sdk_custom_interfaces/local/lib/python3.10/dist-packages/dynamixel_sdk_custom_interfaces-3.7.60-py3.10.egg-info/top_level.txt
[3.998s] -- Symlinking: /home/ye24/turtlebot3_ws/install/dynamixel_sdk_custom_interfaces/local/lib/python3.10/dist-packages/dynamixel_sdk_custom_interfaces/__init__.py
[4.008s] -- Symlinking: /home/ye24/turtlebot3_ws/install/dynamixel_sdk_custom_interfaces/local/lib/python3.10/dist-packages/dynamixel_sdk_custom_interfaces/_dynamixel_sdk_custom_interfaces_s.ep.rosidl_typesupport_c.c
[4.016s] -- Symlinking: /home/ye24/turtlebot3_ws/install/dynamixel_sdk_custom_interfaces/local/lib/python3.10/dist-packages/dynamixel_sdk_custom_interfaces/_dynamixel_sdk_custom_interfaces_s.ep.rosidl_typesupport_fastrtps_c.c
[4.025s] -- Symlinking: /home/ye24/turtlebot3_ws/install/dynamixel_sdk_custom_interfaces/local/lib/python3.10/dist-packages/dynamixel_sdk_custom_interfaces/_dynamixel_sdk_custom_interfaces_s.ep.rosidl_typesupport_introspection_c.c
[4.032s] -- Symlinking: /home/ye24/turtlebot3_ws/install/dynamixel_sdk_custom_interfaces/local/lib/python3.10/dist-packages/dynamixel_sdk_custom_interfaces/dynamixel_sdk_custom_interfaces_s__rosidl_typesupport_c.cpython-310-x86_64-linux-gnu.so
[4.040s] -- Symlinking: /home/ye24/turtlebot3_ws/install/dynamixel_sdk_custom_interfaces/local/lib/python3.10/dist-packages/dynamixel_sdk_custom_interfaces/dynamixel_sdk_custom_interfaces_s__rosidl_typesupport_fastrtps_c.cpython-310-x86_64-linux-gnu.so
[4.049s] -- Symlinking: /home/ye24/turtlebot3_ws/install/dynamixel_sdk_custom_interfaces/local/lib/python3.10/dist-packages/dynamixel_sdk_custom_interfaces/dynamixel_sdk_custom_interfaces_s__rosidl_typesupport_introspection_c.cpython-310-x86_64-linux-gnu.so
[4.057s] -- Symlinking: /home/ye24/turtlebot3_ws/install/dynamixel_sdk_custom_interfaces/local/lib/python3.10/dist-packages/dynamixel_sdk_custom_interfaces/libdynamixel_sdk_custom_interfaces__rosidl_generator_py.so
[4.065s] -- Symlinking: /home/ye24/turtlebot3_ws/install/dynamixel_sdk_custom_interfaces/local/lib/python3.10/dist-packages/dynamixel_sdk_custom_interfaces/msg/__init__.py
[4.074s] -- Symlinking: /home/ye24/turtlebot3_ws/install/dynamixel_sdk_custom_interfaces/local/lib/python3.10/dist-packages/dynamixel_sdk_custom_interfaces/msg/_set_position.py
[4.083s] -- Symlinking: /home/ye24/turtlebot3_ws/install/dynamixel_sdk_custom_interfaces/local/lib/python3.10/dist-packages/dynamixel_sdk_custom_interfaces/msg/_set_position_s.c
[4.096s] -- Symlinking: /home/ye24/turtlebot3_ws/install/dynamixel_sdk_custom_interfaces/local/lib/python3.10/dist-packages/dynamixel_sdk_custom_interfaces/srv/__init__.py
[4.105s] -- Symlinking: /home/ye24/turtlebot3_ws/install/dynamixel_sdk_custom_interfaces/local/lib/python3.10/dist-packages/dynamixel_sdk_custom_interfaces/srv/_get_position.py
[4.113s] -- Symlinking: /home/ye24/turtlebot3_ws/install/dynamixel_sdk_custom_interfaces/local/lib/python3.10/dist-packages/dynamixel_sdk_custom_interfaces/srv/_get_position_s.c
[4.131s] -- Up-to-date symlink: /home/ye24/turtlebot3_ws/install/dynamixel_sdk_custom_interfaces/local/lib/python3.10/dist-packages/dynamixel_sdk_custom_interfaces/dynamixel_sdk_custom_interfaces_s__rosidl_typesupport_fastrtps_c.cpython-310-x86_64-linux-gnu.so
[4.131s] -- Up-to-date symlink: /home/ye24/turtlebot3_ws/install/dynamixel_sdk_custom_interfaces/local/lib/python3.10/dist-packages/dynamixel_sdk_custom_interfaces/dynamixel_sdk_custom_interfaces_s__rosidl_typesupport_introspection_c.cpython-310-x86_64-linux-gnu.so
[4.131s] -- Up-to-date symlink: /home/ye24/turtlebot3_ws/install/dynamixel_sdk_custom_interfaces/local/lib/python3.10/dist-packages/dynamixel_sdk_custom_interfaces/dynamixel_sdk_custom_interfaces_s__rosidl_typesupport_c.cpython-310-x86_64-linux-gnu.so
[4.132s] -- Symlinking: /home/ye24/turtlebot3_ws/install/dynamixel_sdk_custom_interfaces/share/dynamixel_sdk_custom_interfaces/msg/SetPosition.idl
[4.147s] -- Symlinking: /home/ye24/turtlebot3_ws/install/dynamixel_sdk_custom_interfaces/share/dynamixel_sdk_custom_interfaces/srv/GetPosition.idl
[4.161s] -- Symlinking: /home/ye24/turtlebot3_ws/install/dynamixel_sdk_custom_interfaces/share/dynamixel_sdk_custom_interfaces/msg/SetPosition.msg
[4.171s] -- Symlinking: /home/ye24/turtlebot3_ws/install/dynamixel_sdk_custom_interfaces/share/dynamixel_sdk_custom_interfaces/srv/GetPosition.srv
[4.179s] -- Symlinking: /home/ye24/turtlebot3_ws/install/dynamixel_sdk_custom_interfaces/share/dynamixel_sdk_custom_interfaces/srv/GetPosition_Request.msg
[4.190s] -- Symlinking: /home/ye24/turtlebot3_ws/install/dynamixel_sdk_custom_interfaces/share/dynamixel_sdk_custom_interfaces/srv/GetPosition_Response.msg
[4.199s] -- Symlinking: /home/ye24/turtlebot3_ws/install/dynamixel_sdk_custom_interfaces/share/ament_index/resource_index/package_run_dependencies/dynamixel_sdk_custom_interfaces
[4.209s] -- Symlinking: /home/ye24/turtlebot3_ws/install/dynamixel_sdk_custom_interfaces/share/ament_index/resource_index/parent_prefix_path/dynamixel_sdk_custom_interfaces
[4.220s] -- Symlinking: /home/ye24/turtlebot3_ws/install/dynamixel_sdk_custom_interfaces/share/dynamixel_sdk_custom_interfaces/environment/ament_prefix_path.sh
[4.234s] -- Symlinking: /home/ye24/turtlebot3_ws/install/dynamixel_sdk_custom_interfaces/share/dynamixel_sdk_custom_interfaces/environment/ament_prefix_path.dsv
[4.242s] -- Symlinking: /home/ye24/turtlebot3_ws/install/dynamixel_sdk_custom_interfaces/share/dynamixel_sdk_custom_interfaces/environment/path.sh
[4.251s] -- Symlinking: /home/ye24/turtlebot3_ws/install/dynamixel_sdk_custom_interfaces/share/dynamixel_sdk_custom_interfaces/environment/path.dsv
[4.260s] -- Symlinking: /home/ye24/turtlebot3_ws/install/dynamixel_sdk_custom_interfaces/share/dynamixel_sdk_custom_interfaces/local_setup.bash
[4.269s] -- Symlinking: /home/ye24/turtlebot3_ws/install/dynamixel_sdk_custom_interfaces/share/dynamixel_sdk_custom_interfaces/local_setup.sh
[4.277s] -- Symlinking: /home/ye24/turtlebot3_ws/install/dynamixel_sdk_custom_interfaces/share/dynamixel_sdk_custom_interfaces/local_setup.zsh
[4.286s] -- Symlinking: /home/ye24/turtlebot3_ws/install/dynamixel_sdk_custom_interfaces/share/dynamixel_sdk_custom_interfaces/local_setup.dsv
[4.295s] -- Symlinking: /home/ye24/turtlebot3_ws/install/dynamixel_sdk_custom_interfaces/share/dynamixel_sdk_custom_interfaces/package.dsv
[4.304s] -- Symlinking: /home/ye24/turtlebot3_ws/install/dynamixel_sdk_custom_interfaces/share/ament_index/resource_index/packages/dynamixel_sdk_custom_interfaces
[4.318s] -- Symlinking: /home/ye24/turtlebot3_ws/install/dynamixel_sdk_custom_interfaces/share/dynamixel_sdk_custom_interfaces/cmake/rosidl_cmake-extras.cmake
[4.328s] -- Symlinking: /home/ye24/turtlebot3_ws/install/dynamixel_sdk_custom_interfaces/share/dynamixel_sdk_custom_interfaces/cmake/ament_cmake_export_dependencies-extras.cmake
[4.338s] -- Symlinking: /home/ye24/turtlebot3_ws/install/dynamixel_sdk_custom_interfaces/share/dynamixel_sdk_custom_interfaces/cmake/ament_cmake_export_include_directories-extras.cmake
[4.347s] -- Symlinking: /home/ye24/turtlebot3_ws/install/dynamixel_sdk_custom_interfaces/share/dynamixel_sdk_custom_interfaces/cmake/ament_cmake_export_libraries-extras.cmake
[4.356s] -- Symlinking: /home/ye24/turtlebot3_ws/install/dynamixel_sdk_custom_interfaces/share/dynamixel_sdk_custom_interfaces/cmake/ament_cmake_export_targets-extras.cmake
[4.367s] -- Symlinking: /home/ye24/turtlebot3_ws/install/dynamixel_sdk_custom_interfaces/share/dynamixel_sdk_custom_interfaces/cmake/rosidl_cmake_export_typesupport_targets-extras.cmake
[4.384s] -- Symlinking: /home/ye24/turtlebot3_ws/install/dynamixel_sdk_custom_interfaces/share/dynamixel_sdk_custom_interfaces/cmake/rosidl_cmake_export_typesupport_libraries-extras.cmake
[4.395s] -- Symlinking: /home/ye24/turtlebot3_ws/install/dynamixel_sdk_custom_interfaces/share/dynamixel_sdk_custom_interfaces/cmake/dynamixel_sdk_custom_interfacesConfig.cmake
[4.404s] -- Symlinking: /home/ye24/turtlebot3_ws/install/dynamixel_sdk_custom_interfaces/share/dynamixel_sdk_custom_interfaces/cmake/dynamixel_sdk_custom_interfacesConfig-version.cmake
[4.413s] -- Symlinking: /home/ye24/turtlebot3_ws/install/dynamixel_sdk_custom_interfaces/share/dynamixel_sdk_custom_interfaces/package.xml
[4.422s] -- Installing: /home/ye24/turtlebot3_ws/install/dynamixel_sdk_custom_interfaces/lib/libdynamixel_sdk_custom_interfaces__rosidl_generator_c.so
[4.422s] -- Set runtime path of "/home/ye24/turtlebot3_ws/install/dynamixel_sdk_custom_interfaces/lib/libdynamixel_sdk_custom_interfaces__rosidl_generator_c.so" to ""
[4.422s] -- Installing: /home/ye24/turtlebot3_ws/install/dynamixel_sdk_custom_interfaces/lib/libdynamixel_sdk_custom_interfaces__rosidl_typesupport_fastrtps_c.so
[4.423s] -- Set runtime path of "/home/ye24/turtlebot3_ws/install/dynamixel_sdk_custom_interfaces/lib/libdynamixel_sdk_custom_interfaces__rosidl_typesupport_fastrtps_c.so" to ""
[4.423s] -- Installing: /home/ye24/turtlebot3_ws/install/dynamixel_sdk_custom_interfaces/lib/libdynamixel_sdk_custom_interfaces__rosidl_typesupport_fastrtps_cpp.so
[4.423s] -- Set runtime path of "/home/ye24/turtlebot3_ws/install/dynamixel_sdk_custom_interfaces/lib/libdynamixel_sdk_custom_interfaces__rosidl_typesupport_fastrtps_cpp.so" to ""
[4.423s] -- Installing: /home/ye24/turtlebot3_ws/install/dynamixel_sdk_custom_interfaces/lib/libdynamixel_sdk_custom_interfaces__rosidl_typesupport_introspection_c.so
[4.423s] -- Set runtime path of "/home/ye24/turtlebot3_ws/install/dynamixel_sdk_custom_interfaces/lib/libdynamixel_sdk_custom_interfaces__rosidl_typesupport_introspection_c.so" to ""
[4.423s] -- Installing: /home/ye24/turtlebot3_ws/install/dynamixel_sdk_custom_interfaces/lib/libdynamixel_sdk_custom_interfaces__rosidl_typesupport_c.so
[4.423s] -- Set runtime path of "/home/ye24/turtlebot3_ws/install/dynamixel_sdk_custom_interfaces/lib/libdynamixel_sdk_custom_interfaces__rosidl_typesupport_c.so" to ""
[4.423s] -- Installing: /home/ye24/turtlebot3_ws/install/dynamixel_sdk_custom_interfaces/lib/libdynamixel_sdk_custom_interfaces__rosidl_typesupport_introspection_cpp.so
[4.424s] -- Set runtime path of "/home/ye24/turtlebot3_ws/install/dynamixel_sdk_custom_interfaces/lib/libdynamixel_sdk_custom_interfaces__rosidl_typesupport_introspection_cpp.so" to ""
[4.424s] -- Installing: /home/ye24/turtlebot3_ws/install/dynamixel_sdk_custom_interfaces/lib/libdynamixel_sdk_custom_interfaces__rosidl_typesupport_cpp.so
[4.424s] -- Set runtime path of "/home/ye24/turtlebot3_ws/install/dynamixel_sdk_custom_interfaces/lib/libdynamixel_sdk_custom_interfaces__rosidl_typesupport_cpp.so" to ""
[4.471s] Listing '/home/ye24/turtlebot3_ws/install/dynamixel_sdk_custom_interfaces/local/lib/python3.10/dist-packages/dynamixel_sdk_custom_interfaces'...
[4.471s] Compiling '/home/ye24/turtlebot3_ws/install/dynamixel_sdk_custom_interfaces/local/lib/python3.10/dist-packages/dynamixel_sdk_custom_interfaces/__init__.py'...
[4.471s] Listing '/home/ye24/turtlebot3_ws/install/dynamixel_sdk_custom_interfaces/local/lib/python3.10/dist-packages/dynamixel_sdk_custom_interfaces/msg'...
[4.471s] Compiling '/home/ye24/turtlebot3_ws/install/dynamixel_sdk_custom_interfaces/local/lib/python3.10/dist-packages/dynamixel_sdk_custom_interfaces/msg/__init__.py'...
[4.471s] Compiling '/home/ye24/turtlebot3_ws/install/dynamixel_sdk_custom_interfaces/local/lib/python3.10/dist-packages/dynamixel_sdk_custom_interfaces/msg/_set_position.py'...
[4.471s] Listing '/home/ye24/turtlebot3_ws/install/dynamixel_sdk_custom_interfaces/local/lib/python3.10/dist-packages/dynamixel_sdk_custom_interfaces/srv'...
[4.471s] Compiling '/home/ye24/turtlebot3_ws/install/dynamixel_sdk_custom_interfaces/local/lib/python3.10/dist-packages/dynamixel_sdk_custom_interfaces/srv/__init__.py'...
[4.471s] Compiling '/home/ye24/turtlebot3_ws/install/dynamixel_sdk_custom_interfaces/local/lib/python3.10/dist-packages/dynamixel_sdk_custom_interfaces/srv/_get_position.py'...
[4.476s] -- Installing: /home/ye24/turtlebot3_ws/install/dynamixel_sdk_custom_interfaces/lib/libdynamixel_sdk_custom_interfaces__rosidl_generator_py.so
[4.476s] -- Set runtime path of "/home/ye24/turtlebot3_ws/install/dynamixel_sdk_custom_interfaces/lib/libdynamixel_sdk_custom_interfaces__rosidl_generator_py.so" to ""
[4.476s] -- Installing: /home/ye24/turtlebot3_ws/install/dynamixel_sdk_custom_interfaces/share/dynamixel_sdk_custom_interfaces/cmake/export_dynamixel_sdk_custom_interfaces__rosidl_generator_cExport.cmake
[4.477s] -- Installing: /home/ye24/turtlebot3_ws/install/dynamixel_sdk_custom_interfaces/share/dynamixel_sdk_custom_interfaces/cmake/export_dynamixel_sdk_custom_interfaces__rosidl_generator_cExport-noconfig.cmake
[4.477s] -- Installing: /home/ye24/turtlebot3_ws/install/dynamixel_sdk_custom_interfaces/share/dynamixel_sdk_custom_interfaces/cmake/export_dynamixel_sdk_custom_interfaces__rosidl_typesupport_fastrtps_cExport.cmake
[4.477s] -- Installing: /home/ye24/turtlebot3_ws/install/dynamixel_sdk_custom_interfaces/share/dynamixel_sdk_custom_interfaces/cmake/export_dynamixel_sdk_custom_interfaces__rosidl_typesupport_fastrtps_cExport-noconfig.cmake
[4.477s] -- Installing: /home/ye24/turtlebot3_ws/install/dynamixel_sdk_custom_interfaces/share/dynamixel_sdk_custom_interfaces/cmake/export_dynamixel_sdk_custom_interfaces__rosidl_generator_cppExport.cmake
[4.478s] -- Installing: /home/ye24/turtlebot3_ws/install/dynamixel_sdk_custom_interfaces/share/dynamixel_sdk_custom_interfaces/cmake/export_dynamixel_sdk_custom_interfaces__rosidl_typesupport_fastrtps_cppExport.cmake
[4.478s] -- Installing: /home/ye24/turtlebot3_ws/install/dynamixel_sdk_custom_interfaces/share/dynamixel_sdk_custom_interfaces/cmake/export_dynamixel_sdk_custom_interfaces__rosidl_typesupport_fastrtps_cppExport-noconfig.cmake
[4.478s] -- Installing: /home/ye24/turtlebot3_ws/install/dynamixel_sdk_custom_interfaces/share/dynamixel_sdk_custom_interfaces/cmake/dynamixel_sdk_custom_interfaces__rosidl_typesupport_introspection_cExport.cmake
[4.478s] -- Installing: /home/ye24/turtlebot3_ws/install/dynamixel_sdk_custom_interfaces/share/dynamixel_sdk_custom_interfaces/cmake/dynamixel_sdk_custom_interfaces__rosidl_typesupport_introspection_cExport-noconfig.cmake
[4.479s] -- Installing: /home/ye24/turtlebot3_ws/install/dynamixel_sdk_custom_interfaces/share/dynamixel_sdk_custom_interfaces/cmake/dynamixel_sdk_custom_interfaces__rosidl_typesupport_cExport.cmake
[4.479s] -- Installing: /home/ye24/turtlebot3_ws/install/dynamixel_sdk_custom_interfaces/share/dynamixel_sdk_custom_interfaces/cmake/dynamixel_sdk_custom_interfaces__rosidl_typesupport_cExport-noconfig.cmake
[4.479s] -- Installing: /home/ye24/turtlebot3_ws/install/dynamixel_sdk_custom_interfaces/share/dynamixel_sdk_custom_interfaces/cmake/dynamixel_sdk_custom_interfaces__rosidl_typesupport_introspection_cppExport.cmake
[4.480s] -- Installing: /home/ye24/turtlebot3_ws/install/dynamixel_sdk_custom_interfaces/share/dynamixel_sdk_custom_interfaces/cmake/dynamixel_sdk_custom_interfaces__rosidl_typesupport_introspection_cppExport-noconfig.cmake
[4.480s] -- Installing: /home/ye24/turtlebot3_ws/install/dynamixel_sdk_custom_interfaces/share/dynamixel_sdk_custom_interfaces/cmake/dynamixel_sdk_custom_interfaces__rosidl_typesupport_cppExport.cmake
[4.480s] -- Installing: /home/ye24/turtlebot3_ws/install/dynamixel_sdk_custom_interfaces/share/dynamixel_sdk_custom_interfaces/cmake/dynamixel_sdk_custom_interfaces__rosidl_typesupport_cppExport-noconfig.cmake
[4.480s] -- Installing: /home/ye24/turtlebot3_ws/install/dynamixel_sdk_custom_interfaces/share/dynamixel_sdk_custom_interfaces/cmake/export_dynamixel_sdk_custom_interfaces__rosidl_generator_pyExport.cmake
[4.481s] -- Installing: /home/ye24/turtlebot3_ws/install/dynamixel_sdk_custom_interfaces/share/dynamixel_sdk_custom_interfaces/cmake/export_dynamixel_sdk_custom_interfaces__rosidl_generator_pyExport-noconfig.cmake
[4.488s] Invoked command in '/home/ye24/turtlebot3_ws/build/dynamixel_sdk_custom_interfaces' returned '0': CMAKE_PREFIX_PATH=/home/ye24/turtlebot3_ws/install/turtlebot3:/home/ye24/turtlebot3_ws/install/turtlebot3_simulations:/home/ye24/turtlebot3_ws/install/turtlebot3_bringup:/home/ye24/turtlebot3_ws/install/turtlebot3_node:/home/ye24/turtlebot3_ws/install/turtlebot3_navigation2:/home/ye24/turtlebot3_ws/install/turtlebot3_fake_node:/home/ye24/turtlebot3_ws/install/turtlebot3_msgs:/home/ye24/turtlebot3_ws/install/turtlebot3_gazebo:/home/ye24/turtlebot3_ws/install/turtlebot3_description:/home/ye24/turtlebot3_ws/install/turtlebot3_cartographer:/home/ye24/turtlebot3_ws/install/dynamixel_sdk_examples:/home/ye24/turtlebot3_ws/install/dynamixel_sdk_custom_interfaces:/home/ye24/turtlebot3_ws/install/dynamixel_sdk:/home/ye24/turtlebot3_ws/install/turtlebot3_teleop:/home/ye24/turtlebot3_ws/install/turtlebot3_example:/opt/ros/humble:/home/ye24/catkin_ws/src/turtlebot3/testautomation/devel:/home/ye24/catkin_ws/devel /usr/bin/cmake --install /home/ye24/turtlebot3_ws/build/dynamixel_sdk_custom_interfaces
