[0.528s] Invoking command in '/home/ye24/turtlebot3_ws/build/turtlebot3_msgs': CMAKE_PREFIX_PATH=/home/ye24/turtlebot3_ws/install/turtlebot3:/home/ye24/turtlebot3_ws/install/turtlebot3_bringup:/home/ye24/turtlebot3_ws/install/turtlebot3_node:/home/ye24/turtlebot3_ws/install/turtlebot3_navigation2:/home/ye24/turtlebot3_ws/install/turtlebot3_msgs:/home/ye24/turtlebot3_ws/install/turtlebot3_description:/home/ye24/turtlebot3_ws/install/turtlebot3_cartographer:/home/ye24/turtlebot3_ws/install/my_turtlebot3_control:/home/ye24/turtlebot3_ws/install/dynamixel_sdk_examples:/home/ye24/turtlebot3_ws/install/dynamixel_sdk_custom_interfaces:/home/ye24/turtlebot3_ws/install/dynamixel_sdk:/home/ye24/turtlebot3_ws/install/py_pubsub:/home/ye24/turtlebot3_ws/install/turtlebot3_teleop:/home/ye24/turtlebot3_ws/install/turtlebot3_example:/opt/ros/humble:/home/ye24/catkin_ws/src/turtlebot3/testautomation/devel:/home/ye24/catkin_ws/devel /usr/bin/cmake --build /home/ye24/turtlebot3_ws/build/turtlebot3_msgs -- -j12 -l12
[0.803s] [  1%] Built target turtlebot3_msgs__cpp
[0.803s] [ 12%] Built target turtlebot3_msgs__rosidl_generator_c
[0.804s] [ 12%] Built target ament_cmake_python_symlink_turtlebot3_msgs
[0.804s] [ 23%] Built target turtlebot3_msgs__rosidl_typesupport_introspection_c
[0.804s] [ 35%] Built target turtlebot3_msgs__rosidl_typesupport_fastrtps_c
[0.805s] [ 46%] Built target turtlebot3_msgs__rosidl_typesupport_c
[0.806s] [ 69%] Built target turtlebot3_msgs__rosidl_typesupport_introspection_cpp
[0.806s] [ 69%] Built target turtlebot3_msgs__rosidl_typesupport_cpp
[0.806s] [ 80%] Built target turtlebot3_msgs__rosidl_typesupport_fastrtps_cpp
[0.806s] [ 80%] Built target turtlebot3_msgs
[0.806s] [ 81%] Built target turtlebot3_msgs__py
[0.807s] [ 91%] Built target turtlebot3_msgs__rosidl_generator_py
[0.807s] [ 97%] Built target turtlebot3_msgs__rosidl_typesupport_introspection_c__pyext
[0.807s] [ 97%] Built target turtlebot3_msgs__rosidl_typesupport_fastrtps_c__pyext
[0.807s] [100%] Built target turtlebot3_msgs__rosidl_typesupport_c__pyext
[0.808s] running egg_info
[0.808s] writing turtlebot3_msgs.egg-info/PKG-INFO
[0.808s] writing dependency_links to turtlebot3_msgs.egg-info/dependency_links.txt
[0.808s] writing top-level names to turtlebot3_msgs.egg-info/top_level.txt
[0.808s] reading manifest file 'turtlebot3_msgs.egg-info/SOURCES.txt'
[0.808s] writing manifest file 'turtlebot3_msgs.egg-info/SOURCES.txt'
[0.808s] [100%] Built target ament_cmake_python_build_turtlebot3_msgs_egg
