[0.801s] Invoking command in '/home/ye24/turtlebot3_ws/build/turtlebot3_teleop': PYTHONPATH=/home/ye24/turtlebot3_ws/build/turtlebot3_teleop/prefix_override:/home/ye24/turtlebot3_ws/install/turtlebot3_teleop/lib/python3.10/site-packages:${PYTHONPATH} /usr/bin/python3 setup.py develop --editable --build-directory /home/ye24/turtlebot3_ws/build/turtlebot3_teleop/build --no-deps install_data
[0.991s] running develop
[0.991s] /usr/lib/python3/dist-packages/setuptools/command/easy_install.py:158: EasyInstallDeprecationWarning: easy_install command is deprecated. Use build and pip and other standards-based tools.
[0.991s]   warnings.warn(
[0.992s] /usr/lib/python3/dist-packages/setuptools/command/install.py:34: SetuptoolsDeprecationWarning: setup.py install is deprecated. Use build and pip and other standards-based tools.
[0.992s]   warnings.warn(
[1.093s] running egg_info
[1.094s] writing turtlebot3_teleop.egg-info/PKG-INFO
[1.094s] writing dependency_links to turtlebot3_teleop.egg-info/dependency_links.txt
[1.094s] writing entry points to turtlebot3_teleop.egg-info/entry_points.txt
[1.094s] writing requirements to turtlebot3_teleop.egg-info/requires.txt
[1.095s] writing top-level names to turtlebot3_teleop.egg-info/top_level.txt
[1.096s] reading manifest file 'turtlebot3_teleop.egg-info/SOURCES.txt'
[1.096s] writing manifest file 'turtlebot3_teleop.egg-info/SOURCES.txt'
[1.096s] running build_ext
[1.097s] Creating /home/ye24/turtlebot3_ws/install/turtlebot3_teleop/lib/python3.10/site-packages/turtlebot3-teleop.egg-link (link to .)
[1.097s] Installing teleop_keyboard script to /home/ye24/turtlebot3_ws/install/turtlebot3_teleop/lib/turtlebot3_teleop
[1.097s] 
[1.098s] Installed /home/ye24/turtlebot3_ws/build/turtlebot3_teleop
[1.098s] running install_data
[1.226s] Invoked command in '/home/ye24/turtlebot3_ws/build/turtlebot3_teleop' returned '0': PYTHONPATH=/home/ye24/turtlebot3_ws/build/turtlebot3_teleop/prefix_override:/home/ye24/turtlebot3_ws/install/turtlebot3_teleop/lib/python3.10/site-packages:${PYTHONPATH} /usr/bin/python3 setup.py develop --editable --build-directory /home/ye24/turtlebot3_ws/build/turtlebot3_teleop/build --no-deps install_data
